[2025-10-25 14:31:55,109] [INFO] |||||||||||||||||||| PATIENT #0 ||||||||||||||||||||
[2025-10-25 14:31:55,110] [INFO] ==================== Turn 1 ====================
[2025-10-25 14:31:55,110] [INFO] ++++++++++++++++++++ Start of Scale Confidence Score [expert_basics.py:expert_response_scale_score()] ++++++++++++++++++++
[2025-10-25 14:31:55,110] [INFO] [<SCALE SCORE PROMPT>] [len(messages)=2] (messages[-1]):
A patient comes into the clinic presenting with a symptom as described in the conversation log below:
    
PATIENT INFORMATION: A 21-year-old sexually active male complains of fever, pain during urination, and inflammation and pain in the right knee.
CONVERSATION LOG:
None
QUESTION: The mechanism of action of the medication given blocks cell wall synthesis, which of the following was given?
OPTIONS: A: Gentamicin, B: Ciprofloxacin, C: Ceftriaxone, D: Trimethoprim
YOUR TASK: Medical conditions are complex, so you should seek to understand their situations across many features. First, consider which medical specialty is this patient's case; then, consider a list of necessary features a doctor would need to make the right medical judgment; finally, consider whether all necessary information is given in the conversation above. How confident are you to pick the correct option to the problem factually using the conversation log? Choose between the following ratings:
"Very Confident" - The correct option is supported by all evidence, and there is enough evidence to eliminate the rest of the answers, so the option can be confirmed conclusively.
"Somewhat Confident" - I have reasonably enough information to tell that the correct option is more likely than other options, more information is helpful to make a conclusive decision.
"Neither Confident or Unconfident" - There are evident supporting the correct option, but further evidence is needed to be sure which one is the correct option.
"Somewhat Unconfident" - There are evidence supporting more than one options, therefore more questions are needed to further distinguish the options.
"Very Unconfident" - There are not enough evidence supporting any of the options, the likelihood of picking the correct option at this point is near random guessing.

Think carefully step by step, respond with the chosen confidence rating ONLY and NOTHING ELSE.
[2025-10-25 14:31:55,112] [INFO] -------------------- Self-Consistency Iteration 1 --------------------
[2025-10-25 14:31:57,775] [INFO] [<SCALE SCORE LM RES>]: Very Confident
[2025-10-25 14:31:57,775] [INFO] [<SCALE SCORE PARSED>]: 5
[2025-10-25 14:31:57,775] [INFO] [<SCALE SCORE RETURN>] (average conf score]): 5.0
[2025-10-25 14:31:57,775] [INFO] [ABSTENTION PROMPT]: [{'role': 'system', 'content': 'You are a medical doctor trying to reason through a real-life clinical case. Based on your understanding of basic and clinical science, medical knowledge, and mechanisms underlying health, disease, patient care, and modes of therapy, respond according to the task specified by the user. Base your response on the current and standard practices referenced in medical guidelines.'}, {'role': 'user', 'content': 'A patient comes into the clinic presenting with a symptom as described in the conversation log below:\n    \nPATIENT INFORMATION: A 21-year-old sexually active male complains of fever, pain during urination, and inflammation and pain in the right knee.\nCONVERSATION LOG:\nNone\nQUESTION: The mechanism of action of the medication given blocks cell wall synthesis, which of the following was given?\nOPTIONS: A: Gentamicin, B: Ciprofloxacin, C: Ceftriaxone, D: Trimethoprim\nYOUR TASK: Medical conditions are complex, so you should seek to understand their situations across many features. First, consider which medical specialty is this patient\'s case; then, consider a list of necessary features a doctor would need to make the right medical judgment; finally, consider whether all necessary information is given in the conversation above. How confident are you to pick the correct option to the problem factually using the conversation log? Choose between the following ratings:\n"Very Confident" - The correct option is supported by all evidence, and there is enough evidence to eliminate the rest of the answers, so the option can be confirmed conclusively.\n"Somewhat Confident" - I have reasonably enough information to tell that the correct option is more likely than other options, more information is helpful to make a conclusive decision.\n"Neither Confident or Unconfident" - There are evident supporting the correct option, but further evidence is needed to be sure which one is the correct option.\n"Somewhat Unconfident" - There are evidence supporting more than one options, therefore more questions are needed to further distinguish the options.\n"Very Unconfident" - There are not enough evidence supporting any of the options, the likelihood of picking the correct option at this point is near random guessing.\n\nThink carefully step by step, respond with the chosen confidence rating ONLY and NOTHING ELSE.'}]
[2025-10-25 14:31:57,775] [INFO] [ABSTENTION RESPONSE]: Very Confident

[2025-10-25 14:31:57,775] [INFO] ++++++++++++++++++++ Start of Multiple Chocie Decision [expert_basics.py:expert_response_choice()] ++++++++++++++++++++
[2025-10-25 14:31:57,775] [INFO] [<CHOICE PROMPT>] [len(messages)=2] (messages[-1]):
A patient comes into the clinic presenting with a symptom as described in the conversation log below:
    
PATIENT INFORMATION: A 21-year-old sexually active male complains of fever, pain during urination, and inflammation and pain in the right knee.
CONVERSATION LOG:
None
QUESTION: The mechanism of action of the medication given blocks cell wall synthesis, which of the following was given?
OPTIONS: A: Gentamicin, B: Ciprofloxacin, C: Ceftriaxone, D: Trimethoprim
YOUR TASK: Assume that you already have enough information from the above question-answer pairs to answer the patient inquiry, use the above information to produce a factual conclusion. Respond with the correct letter choice (A, B, C, or D) and NOTHING ELSE.
LETTER CHOICE: 
[2025-10-25 14:31:59,202] [INFO] [<CHOICE LM RES>]: C
[2025-10-25 14:31:59,202] [INFO] [<CHOICE PARSED>]: C
[2025-10-25 14:31:59,202] [INFO] [SCALE ABSTAIN RETURN]: abstain: False, confidence: 5.0, letter_choice: C, usage: {'input_tokens': 702, 'output_tokens': 4}

[2025-10-25 14:31:59,203] [INFO] [Expert System]: {'type': 'choice', 'letter_choice': 'C', 'confidence': 5.0, 'usage': {'input_tokens': 702, 'output_tokens': 4}}
[2025-10-25 14:31:59,203] [INFO] |||||||||||||||||||| Interaction ended for patient #0 ||||||||||||||||||||



[2025-10-25 14:31:59,206] [INFO] |||||||||||||||||||| PATIENT #1 ||||||||||||||||||||
[2025-10-25 14:31:59,207] [INFO] ==================== Turn 1 ====================
[2025-10-25 14:31:59,207] [INFO] ++++++++++++++++++++ Start of Scale Confidence Score [expert_basics.py:expert_response_scale_score()] ++++++++++++++++++++
[2025-10-25 14:31:59,207] [INFO] [<SCALE SCORE PROMPT>] [len(messages)=2] (messages[-1]):
A patient comes into the clinic presenting with a symptom as described in the conversation log below:
    
PATIENT INFORMATION: A 5-year-old girl is brought to the emergency department by her mother because of multiple episodes of nausea and vomiting that last about 2 hours.
CONVERSATION LOG:
None
QUESTION: Which of the following is the most likely diagnosis?
OPTIONS: A: Cyclic vomiting syndrome, B: Gastroenteritis, C: Hypertrophic pyloric stenosis, D: Gastroesophageal reflux disease
YOUR TASK: Medical conditions are complex, so you should seek to understand their situations across many features. First, consider which medical specialty is this patient's case; then, consider a list of necessary features a doctor would need to make the right medical judgment; finally, consider whether all necessary information is given in the conversation above. How confident are you to pick the correct option to the problem factually using the conversation log? Choose between the following ratings:
"Very Confident" - The correct option is supported by all evidence, and there is enough evidence to eliminate the rest of the answers, so the option can be confirmed conclusively.
"Somewhat Confident" - I have reasonably enough information to tell that the correct option is more likely than other options, more information is helpful to make a conclusive decision.
"Neither Confident or Unconfident" - There are evident supporting the correct option, but further evidence is needed to be sure which one is the correct option.
"Somewhat Unconfident" - There are evidence supporting more than one options, therefore more questions are needed to further distinguish the options.
"Very Unconfident" - There are not enough evidence supporting any of the options, the likelihood of picking the correct option at this point is near random guessing.

Think carefully step by step, respond with the chosen confidence rating ONLY and NOTHING ELSE.
[2025-10-25 14:31:59,207] [INFO] -------------------- Self-Consistency Iteration 1 --------------------
[2025-10-25 14:32:00,414] [INFO] [<SCALE SCORE LM RES>]: Somewhat Unconfident
[2025-10-25 14:32:00,414] [INFO] [<SCALE SCORE PARSED>]: 2
[2025-10-25 14:32:00,414] [INFO] [<SCALE SCORE RETURN>] (average conf score]): 2.0
[2025-10-25 14:32:00,414] [INFO] [ABSTENTION PROMPT]: [{'role': 'system', 'content': 'You are a medical doctor trying to reason through a real-life clinical case. Based on your understanding of basic and clinical science, medical knowledge, and mechanisms underlying health, disease, patient care, and modes of therapy, respond according to the task specified by the user. Base your response on the current and standard practices referenced in medical guidelines.'}, {'role': 'user', 'content': 'A patient comes into the clinic presenting with a symptom as described in the conversation log below:\n    \nPATIENT INFORMATION: A 5-year-old girl is brought to the emergency department by her mother because of multiple episodes of nausea and vomiting that last about 2 hours.\nCONVERSATION LOG:\nNone\nQUESTION: Which of the following is the most likely diagnosis?\nOPTIONS: A: Cyclic vomiting syndrome, B: Gastroenteritis, C: Hypertrophic pyloric stenosis, D: Gastroesophageal reflux disease\nYOUR TASK: Medical conditions are complex, so you should seek to understand their situations across many features. First, consider which medical specialty is this patient\'s case; then, consider a list of necessary features a doctor would need to make the right medical judgment; finally, consider whether all necessary information is given in the conversation above. How confident are you to pick the correct option to the problem factually using the conversation log? Choose between the following ratings:\n"Very Confident" - The correct option is supported by all evidence, and there is enough evidence to eliminate the rest of the answers, so the option can be confirmed conclusively.\n"Somewhat Confident" - I have reasonably enough information to tell that the correct option is more likely than other options, more information is helpful to make a conclusive decision.\n"Neither Confident or Unconfident" - There are evident supporting the correct option, but further evidence is needed to be sure which one is the correct option.\n"Somewhat Unconfident" - There are evidence supporting more than one options, therefore more questions are needed to further distinguish the options.\n"Very Unconfident" - There are not enough evidence supporting any of the options, the likelihood of picking the correct option at this point is near random guessing.\n\nThink carefully step by step, respond with the chosen confidence rating ONLY and NOTHING ELSE.'}]
[2025-10-25 14:32:00,414] [INFO] [ABSTENTION RESPONSE]: Somewhat Unconfident

[2025-10-25 14:32:00,414] [INFO] ++++++++++++++++++++ Start of Multiple Chocie Decision [expert_basics.py:expert_response_choice()] ++++++++++++++++++++
[2025-10-25 14:32:00,414] [INFO] [<CHOICE PROMPT>] [len(messages)=2] (messages[-1]):
A patient comes into the clinic presenting with a symptom as described in the conversation log below:
    
PATIENT INFORMATION: A 5-year-old girl is brought to the emergency department by her mother because of multiple episodes of nausea and vomiting that last about 2 hours.
CONVERSATION LOG:
None
QUESTION: Which of the following is the most likely diagnosis?
OPTIONS: A: Cyclic vomiting syndrome, B: Gastroenteritis, C: Hypertrophic pyloric stenosis, D: Gastroesophageal reflux disease
YOUR TASK: Assume that you already have enough information from the above question-answer pairs to answer the patient inquiry, use the above information to produce a factual conclusion. Respond with the correct letter choice (A, B, C, or D) and NOTHING ELSE.
LETTER CHOICE: 
[2025-10-25 14:32:01,429] [INFO] [<CHOICE LM RES>]: B
[2025-10-25 14:32:01,429] [INFO] [<CHOICE PARSED>]: B
[2025-10-25 14:32:01,429] [INFO] [SCALE ABSTAIN RETURN]: abstain: True, confidence: 2.0, letter_choice: B, usage: {'input_tokens': 690, 'output_tokens': 6}

[2025-10-25 14:32:01,430] [INFO] ++++++++++++++++++++ Start of Question Generator [expert_basics.py:expert_response_question()] ++++++++++++++++++++
[2025-10-25 14:32:01,430] [INFO] [<QUESTION GENERATOR PROMPT>] [len(messages)=4] (messages[-1]):
If there are missing features that prevent you from picking a confident and factual answer to the inquiry, consider which features are not yet asked about in the conversation log; then, consider which missing feature is the most important to ask the patient in order to provide the most helpful information toward a correct medical decision. You can ask about any relevant information about the patient’s case, such as family history, tests and exams results, treatments already done, etc. Consider what are the common questions asked in the specific subject relating to the patient’s known symptoms, and what the best and most intuitive doctor would ask. Ask ONE SPECIFIC ATOMIC QUESTION to address this feature. The question should be bite-sized, and NOT ask for too much at once. Make sure to NOT repeat any questions from the above conversation log. Answer in the following format:
ATOMIC QUESTION: the atomic question and NOTHING ELSE.
ATOMIC QUESTION: 
[2025-10-25 14:32:03,207] [INFO] [<QUESTION GENERATOR LM RES>]: ATOMIC QUESTION: How long has it been since the vomiting episodes started recurring?
[2025-10-25 14:32:03,208] [INFO] [<QUESTION GENERATOR PARSED>]: How long has it been since the vomiting episodes started recurring?
[2025-10-25 14:32:03,208] [INFO] [ATOMIC QUESTION PROMPT]: [{'role': 'system', 'content': 'You are a medical doctor trying to reason through a real-life clinical case. Based on your understanding of basic and clinical science, medical knowledge, and mechanisms underlying health, disease, patient care, and modes of therapy, respond according to the task specified by the user. Base your response on the current and standard practices referenced in medical guidelines.'}, {'role': 'user', 'content': 'A patient comes into the clinic presenting with a symptom as described in the conversation log below:\n    \nPATIENT INFORMATION: A 5-year-old girl is brought to the emergency department by her mother because of multiple episodes of nausea and vomiting that last about 2 hours.\nCONVERSATION LOG:\nNone\nQUESTION: Which of the following is the most likely diagnosis?\nOPTIONS: A: Cyclic vomiting syndrome, B: Gastroenteritis, C: Hypertrophic pyloric stenosis, D: Gastroesophageal reflux disease\nYOUR TASK: Medical conditions are complex, so you should seek to understand their situations across many features. First, consider which medical specialty is this patient\'s case; then, consider a list of necessary features a doctor would need to make the right medical judgment; finally, consider whether all necessary information is given in the conversation above. How confident are you to pick the correct option to the problem factually using the conversation log? Choose between the following ratings:\n"Very Confident" - The correct option is supported by all evidence, and there is enough evidence to eliminate the rest of the answers, so the option can be confirmed conclusively.\n"Somewhat Confident" - I have reasonably enough information to tell that the correct option is more likely than other options, more information is helpful to make a conclusive decision.\n"Neither Confident or Unconfident" - There are evident supporting the correct option, but further evidence is needed to be sure which one is the correct option.\n"Somewhat Unconfident" - There are evidence supporting more than one options, therefore more questions are needed to further distinguish the options.\n"Very Unconfident" - There are not enough evidence supporting any of the options, the likelihood of picking the correct option at this point is near random guessing.\n\nThink carefully step by step, respond with the chosen confidence rating ONLY and NOTHING ELSE.'}, {'role': 'assistant', 'content': 'Somewhat Unconfident'}, {'role': 'user', 'content': 'If there are missing features that prevent you from picking a confident and factual answer to the inquiry, consider which features are not yet asked about in the conversation log; then, consider which missing feature is the most important to ask the patient in order to provide the most helpful information toward a correct medical decision. You can ask about any relevant information about the patient’s case, such as family history, tests and exams results, treatments already done, etc. Consider what are the common questions asked in the specific subject relating to the patient’s known symptoms, and what the best and most intuitive doctor would ask. Ask ONE SPECIFIC ATOMIC QUESTION to address this feature. The question should be bite-sized, and NOT ask for too much at once. Make sure to NOT repeat any questions from the above conversation log. Answer in the following format:\nATOMIC QUESTION: the atomic question and NOTHING ELSE.\nATOMIC QUESTION: '}]
[2025-10-25 14:32:03,208] [INFO] [ATOMIC QUESTION RESPONSE]: How long has it been since the vomiting episodes started recurring?

[2025-10-25 14:32:03,208] [INFO] [ATOMIC QUESTION RETURN]: How long has it been since the vomiting episodes started recurring?, usage: {'input_tokens': 650, 'output_tokens': 17}

[2025-10-25 14:32:03,208] [INFO] [Expert System]: {'type': 'question', 'question': 'How long has it been since the vomiting episodes started recurring?', 'letter_choice': 'B', 'confidence': 2.0, 'usage': {'input_tokens': 1340, 'output_tokens': 23}}
[2025-10-25 14:32:05,364] [INFO] [Patient System]: The vomiting episodes have been recurring for the past 6 months.
[2025-10-25 14:32:05,365] [INFO] ==================== Turn 2 ====================
[2025-10-25 14:32:05,365] [INFO] ++++++++++++++++++++ Start of Scale Confidence Score [expert_basics.py:expert_response_scale_score()] ++++++++++++++++++++
[2025-10-25 14:32:05,365] [INFO] [<SCALE SCORE PROMPT>] [len(messages)=2] (messages[-1]):
A patient comes into the clinic presenting with a symptom as described in the conversation log below:
    
PATIENT INFORMATION: A 5-year-old girl is brought to the emergency department by her mother because of multiple episodes of nausea and vomiting that last about 2 hours.
CONVERSATION LOG:
Doctor Question: How long has it been since the vomiting episodes started recurring?
Patient Response: The vomiting episodes have been recurring for the past 6 months.
QUESTION: Which of the following is the most likely diagnosis?
OPTIONS: A: Cyclic vomiting syndrome, B: Gastroenteritis, C: Hypertrophic pyloric stenosis, D: Gastroesophageal reflux disease
YOUR TASK: Medical conditions are complex, so you should seek to understand their situations across many features. First, consider which medical specialty is this patient's case; then, consider a list of necessary features a doctor would need to make the right medical judgment; finally, consider whether all necessary information is given in the conversation above. How confident are you to pick the correct option to the problem factually using the conversation log? Choose between the following ratings:
"Very Confident" - The correct option is supported by all evidence, and there is enough evidence to eliminate the rest of the answers, so the option can be confirmed conclusively.
"Somewhat Confident" - I have reasonably enough information to tell that the correct option is more likely than other options, more information is helpful to make a conclusive decision.
"Neither Confident or Unconfident" - There are evident supporting the correct option, but further evidence is needed to be sure which one is the correct option.
"Somewhat Unconfident" - There are evidence supporting more than one options, therefore more questions are needed to further distinguish the options.
"Very Unconfident" - There are not enough evidence supporting any of the options, the likelihood of picking the correct option at this point is near random guessing.

Think carefully step by step, respond with the chosen confidence rating ONLY and NOTHING ELSE.
[2025-10-25 14:32:05,365] [INFO] -------------------- Self-Consistency Iteration 1 --------------------
[2025-10-25 14:32:06,933] [INFO] [<SCALE SCORE LM RES>]: Somewhat Confident
[2025-10-25 14:32:06,933] [INFO] [<SCALE SCORE PARSED>]: 4
[2025-10-25 14:32:06,933] [INFO] [<SCALE SCORE RETURN>] (average conf score]): 4.0
[2025-10-25 14:32:06,933] [INFO] [ABSTENTION PROMPT]: [{'role': 'system', 'content': 'You are a medical doctor trying to reason through a real-life clinical case. Based on your understanding of basic and clinical science, medical knowledge, and mechanisms underlying health, disease, patient care, and modes of therapy, respond according to the task specified by the user. Base your response on the current and standard practices referenced in medical guidelines.'}, {'role': 'user', 'content': 'A patient comes into the clinic presenting with a symptom as described in the conversation log below:\n    \nPATIENT INFORMATION: A 5-year-old girl is brought to the emergency department by her mother because of multiple episodes of nausea and vomiting that last about 2 hours.\nCONVERSATION LOG:\nDoctor Question: How long has it been since the vomiting episodes started recurring?\nPatient Response: The vomiting episodes have been recurring for the past 6 months.\nQUESTION: Which of the following is the most likely diagnosis?\nOPTIONS: A: Cyclic vomiting syndrome, B: Gastroenteritis, C: Hypertrophic pyloric stenosis, D: Gastroesophageal reflux disease\nYOUR TASK: Medical conditions are complex, so you should seek to understand their situations across many features. First, consider which medical specialty is this patient\'s case; then, consider a list of necessary features a doctor would need to make the right medical judgment; finally, consider whether all necessary information is given in the conversation above. How confident are you to pick the correct option to the problem factually using the conversation log? Choose between the following ratings:\n"Very Confident" - The correct option is supported by all evidence, and there is enough evidence to eliminate the rest of the answers, so the option can be confirmed conclusively.\n"Somewhat Confident" - I have reasonably enough information to tell that the correct option is more likely than other options, more information is helpful to make a conclusive decision.\n"Neither Confident or Unconfident" - There are evident supporting the correct option, but further evidence is needed to be sure which one is the correct option.\n"Somewhat Unconfident" - There are evidence supporting more than one options, therefore more questions are needed to further distinguish the options.\n"Very Unconfident" - There are not enough evidence supporting any of the options, the likelihood of picking the correct option at this point is near random guessing.\n\nThink carefully step by step, respond with the chosen confidence rating ONLY and NOTHING ELSE.'}]
[2025-10-25 14:32:06,933] [INFO] [ABSTENTION RESPONSE]: Somewhat Confident

[2025-10-25 14:32:06,933] [INFO] ++++++++++++++++++++ Start of Multiple Chocie Decision [expert_basics.py:expert_response_choice()] ++++++++++++++++++++
[2025-10-25 14:32:06,933] [INFO] [<CHOICE PROMPT>] [len(messages)=2] (messages[-1]):
A patient comes into the clinic presenting with a symptom as described in the conversation log below:
    
PATIENT INFORMATION: A 5-year-old girl is brought to the emergency department by her mother because of multiple episodes of nausea and vomiting that last about 2 hours.
CONVERSATION LOG:
Doctor Question: How long has it been since the vomiting episodes started recurring?
Patient Response: The vomiting episodes have been recurring for the past 6 months.
QUESTION: Which of the following is the most likely diagnosis?
OPTIONS: A: Cyclic vomiting syndrome, B: Gastroenteritis, C: Hypertrophic pyloric stenosis, D: Gastroesophageal reflux disease
YOUR TASK: Assume that you already have enough information from the above question-answer pairs to answer the patient inquiry, use the above information to produce a factual conclusion. Respond with the correct letter choice (A, B, C, or D) and NOTHING ELSE.
LETTER CHOICE: 
[2025-10-25 14:32:08,259] [INFO] [<CHOICE LM RES>]: A
[2025-10-25 14:32:08,259] [INFO] [<CHOICE PARSED>]: A
[2025-10-25 14:32:08,259] [INFO] [SCALE ABSTAIN RETURN]: abstain: False, confidence: 4.0, letter_choice: A, usage: {'input_tokens': 748, 'output_tokens': 5}

[2025-10-25 14:32:08,259] [INFO] [Expert System]: {'type': 'choice', 'letter_choice': 'A', 'confidence': 4.0, 'usage': {'input_tokens': 748, 'output_tokens': 5}}
[2025-10-25 14:32:08,259] [INFO] |||||||||||||||||||| Interaction ended for patient #1 ||||||||||||||||||||



[2025-10-25 14:32:08,271] [INFO] |||||||||||||||||||| PATIENT #2 ||||||||||||||||||||
[2025-10-25 14:32:08,272] [INFO] ==================== Turn 1 ====================
[2025-10-25 14:32:08,272] [INFO] ++++++++++++++++++++ Start of Scale Confidence Score [expert_basics.py:expert_response_scale_score()] ++++++++++++++++++++
[2025-10-25 14:32:08,272] [INFO] [<SCALE SCORE PROMPT>] [len(messages)=2] (messages[-1]):
A patient comes into the clinic presenting with a symptom as described in the conversation log below:
    
PATIENT INFORMATION: A 40-year-old woman presents with difficulty falling asleep, diminished appetite, and tiredness for the past 6 weeks.
CONVERSATION LOG:
None
QUESTION: Which of the following is the best course of treatment in this patient?
OPTIONS: A: Diazepam, B: Paroxetine, C: Zolpidem, D: Trazodone
YOUR TASK: Medical conditions are complex, so you should seek to understand their situations across many features. First, consider which medical specialty is this patient's case; then, consider a list of necessary features a doctor would need to make the right medical judgment; finally, consider whether all necessary information is given in the conversation above. How confident are you to pick the correct option to the problem factually using the conversation log? Choose between the following ratings:
"Very Confident" - The correct option is supported by all evidence, and there is enough evidence to eliminate the rest of the answers, so the option can be confirmed conclusively.
"Somewhat Confident" - I have reasonably enough information to tell that the correct option is more likely than other options, more information is helpful to make a conclusive decision.
"Neither Confident or Unconfident" - There are evident supporting the correct option, but further evidence is needed to be sure which one is the correct option.
"Somewhat Unconfident" - There are evidence supporting more than one options, therefore more questions are needed to further distinguish the options.
"Very Unconfident" - There are not enough evidence supporting any of the options, the likelihood of picking the correct option at this point is near random guessing.

Think carefully step by step, respond with the chosen confidence rating ONLY and NOTHING ELSE.
[2025-10-25 14:32:08,272] [INFO] -------------------- Self-Consistency Iteration 1 --------------------
[2025-10-25 14:32:09,588] [INFO] [<SCALE SCORE LM RES>]: Somewhat Unconfident
[2025-10-25 14:32:09,588] [INFO] [<SCALE SCORE PARSED>]: 2
[2025-10-25 14:32:09,588] [INFO] [<SCALE SCORE RETURN>] (average conf score]): 2.0
[2025-10-25 14:32:09,588] [INFO] [ABSTENTION PROMPT]: [{'role': 'system', 'content': 'You are a medical doctor trying to reason through a real-life clinical case. Based on your understanding of basic and clinical science, medical knowledge, and mechanisms underlying health, disease, patient care, and modes of therapy, respond according to the task specified by the user. Base your response on the current and standard practices referenced in medical guidelines.'}, {'role': 'user', 'content': 'A patient comes into the clinic presenting with a symptom as described in the conversation log below:\n    \nPATIENT INFORMATION: A 40-year-old woman presents with difficulty falling asleep, diminished appetite, and tiredness for the past 6 weeks.\nCONVERSATION LOG:\nNone\nQUESTION: Which of the following is the best course of treatment in this patient?\nOPTIONS: A: Diazepam, B: Paroxetine, C: Zolpidem, D: Trazodone\nYOUR TASK: Medical conditions are complex, so you should seek to understand their situations across many features. First, consider which medical specialty is this patient\'s case; then, consider a list of necessary features a doctor would need to make the right medical judgment; finally, consider whether all necessary information is given in the conversation above. How confident are you to pick the correct option to the problem factually using the conversation log? Choose between the following ratings:\n"Very Confident" - The correct option is supported by all evidence, and there is enough evidence to eliminate the rest of the answers, so the option can be confirmed conclusively.\n"Somewhat Confident" - I have reasonably enough information to tell that the correct option is more likely than other options, more information is helpful to make a conclusive decision.\n"Neither Confident or Unconfident" - There are evident supporting the correct option, but further evidence is needed to be sure which one is the correct option.\n"Somewhat Unconfident" - There are evidence supporting more than one options, therefore more questions are needed to further distinguish the options.\n"Very Unconfident" - There are not enough evidence supporting any of the options, the likelihood of picking the correct option at this point is near random guessing.\n\nThink carefully step by step, respond with the chosen confidence rating ONLY and NOTHING ELSE.'}]
[2025-10-25 14:32:09,588] [INFO] [ABSTENTION RESPONSE]: Somewhat Unconfident

[2025-10-25 14:32:09,588] [INFO] ++++++++++++++++++++ Start of Multiple Chocie Decision [expert_basics.py:expert_response_choice()] ++++++++++++++++++++
[2025-10-25 14:32:09,589] [INFO] [<CHOICE PROMPT>] [len(messages)=2] (messages[-1]):
A patient comes into the clinic presenting with a symptom as described in the conversation log below:
    
PATIENT INFORMATION: A 40-year-old woman presents with difficulty falling asleep, diminished appetite, and tiredness for the past 6 weeks.
CONVERSATION LOG:
None
QUESTION: Which of the following is the best course of treatment in this patient?
OPTIONS: A: Diazepam, B: Paroxetine, C: Zolpidem, D: Trazodone
YOUR TASK: Assume that you already have enough information from the above question-answer pairs to answer the patient inquiry, use the above information to produce a factual conclusion. Respond with the correct letter choice (A, B, C, or D) and NOTHING ELSE.
LETTER CHOICE: 
[2025-10-25 14:32:11,431] [INFO] [<CHOICE LM RES>]: D
[2025-10-25 14:32:11,431] [INFO] [<CHOICE PARSED>]: D
[2025-10-25 14:32:11,431] [INFO] [SCALE ABSTAIN RETURN]: abstain: True, confidence: 2.0, letter_choice: D, usage: {'input_tokens': 682, 'output_tokens': 6}

[2025-10-25 14:32:11,431] [INFO] ++++++++++++++++++++ Start of Question Generator [expert_basics.py:expert_response_question()] ++++++++++++++++++++
[2025-10-25 14:32:11,431] [INFO] [<QUESTION GENERATOR PROMPT>] [len(messages)=4] (messages[-1]):
If there are missing features that prevent you from picking a confident and factual answer to the inquiry, consider which features are not yet asked about in the conversation log; then, consider which missing feature is the most important to ask the patient in order to provide the most helpful information toward a correct medical decision. You can ask about any relevant information about the patient’s case, such as family history, tests and exams results, treatments already done, etc. Consider what are the common questions asked in the specific subject relating to the patient’s known symptoms, and what the best and most intuitive doctor would ask. Ask ONE SPECIFIC ATOMIC QUESTION to address this feature. The question should be bite-sized, and NOT ask for too much at once. Make sure to NOT repeat any questions from the above conversation log. Answer in the following format:
ATOMIC QUESTION: the atomic question and NOTHING ELSE.
ATOMIC QUESTION: 
[2025-10-25 14:32:13,785] [INFO] [<QUESTION GENERATOR LM RES>]: ATOMIC QUESTION: Have you been experiencing persistent feelings of sadness, hopelessness, or loss of interest in activities you used to enjoy?
[2025-10-25 14:32:13,786] [INFO] [<QUESTION GENERATOR PARSED>]: Have you been experiencing persistent feelings of sadness, hopelessness, or loss of interest in activities you used to enjoy?
[2025-10-25 14:32:13,786] [INFO] [ATOMIC QUESTION PROMPT]: [{'role': 'system', 'content': 'You are a medical doctor trying to reason through a real-life clinical case. Based on your understanding of basic and clinical science, medical knowledge, and mechanisms underlying health, disease, patient care, and modes of therapy, respond according to the task specified by the user. Base your response on the current and standard practices referenced in medical guidelines.'}, {'role': 'user', 'content': 'A patient comes into the clinic presenting with a symptom as described in the conversation log below:\n    \nPATIENT INFORMATION: A 40-year-old woman presents with difficulty falling asleep, diminished appetite, and tiredness for the past 6 weeks.\nCONVERSATION LOG:\nNone\nQUESTION: Which of the following is the best course of treatment in this patient?\nOPTIONS: A: Diazepam, B: Paroxetine, C: Zolpidem, D: Trazodone\nYOUR TASK: Medical conditions are complex, so you should seek to understand their situations across many features. First, consider which medical specialty is this patient\'s case; then, consider a list of necessary features a doctor would need to make the right medical judgment; finally, consider whether all necessary information is given in the conversation above. How confident are you to pick the correct option to the problem factually using the conversation log? Choose between the following ratings:\n"Very Confident" - The correct option is supported by all evidence, and there is enough evidence to eliminate the rest of the answers, so the option can be confirmed conclusively.\n"Somewhat Confident" - I have reasonably enough information to tell that the correct option is more likely than other options, more information is helpful to make a conclusive decision.\n"Neither Confident or Unconfident" - There are evident supporting the correct option, but further evidence is needed to be sure which one is the correct option.\n"Somewhat Unconfident" - There are evidence supporting more than one options, therefore more questions are needed to further distinguish the options.\n"Very Unconfident" - There are not enough evidence supporting any of the options, the likelihood of picking the correct option at this point is near random guessing.\n\nThink carefully step by step, respond with the chosen confidence rating ONLY and NOTHING ELSE.'}, {'role': 'assistant', 'content': 'Somewhat Unconfident'}, {'role': 'user', 'content': 'If there are missing features that prevent you from picking a confident and factual answer to the inquiry, consider which features are not yet asked about in the conversation log; then, consider which missing feature is the most important to ask the patient in order to provide the most helpful information toward a correct medical decision. You can ask about any relevant information about the patient’s case, such as family history, tests and exams results, treatments already done, etc. Consider what are the common questions asked in the specific subject relating to the patient’s known symptoms, and what the best and most intuitive doctor would ask. Ask ONE SPECIFIC ATOMIC QUESTION to address this feature. The question should be bite-sized, and NOT ask for too much at once. Make sure to NOT repeat any questions from the above conversation log. Answer in the following format:\nATOMIC QUESTION: the atomic question and NOTHING ELSE.\nATOMIC QUESTION: '}]
[2025-10-25 14:32:13,786] [INFO] [ATOMIC QUESTION RESPONSE]: Have you been experiencing persistent feelings of sadness, hopelessness, or loss of interest in activities you used to enjoy?

[2025-10-25 14:32:13,786] [INFO] [ATOMIC QUESTION RETURN]: Have you been experiencing persistent feelings of sadness, hopelessness, or loss of interest in activities you used to enjoy?, usage: {'input_tokens': 646, 'output_tokens': 28}

[2025-10-25 14:32:13,786] [INFO] [Expert System]: {'type': 'question', 'question': 'Have you been experiencing persistent feelings of sadness, hopelessness, or loss of interest in activities you used to enjoy?', 'letter_choice': 'D', 'confidence': 2.0, 'usage': {'input_tokens': 1328, 'output_tokens': 34}}
[2025-10-25 14:32:15,358] [INFO] [Patient System]: Yes.
[2025-10-25 14:32:15,358] [INFO] ==================== Turn 2 ====================
[2025-10-25 14:32:15,358] [INFO] ++++++++++++++++++++ Start of Scale Confidence Score [expert_basics.py:expert_response_scale_score()] ++++++++++++++++++++
[2025-10-25 14:32:15,358] [INFO] [<SCALE SCORE PROMPT>] [len(messages)=2] (messages[-1]):
A patient comes into the clinic presenting with a symptom as described in the conversation log below:
    
PATIENT INFORMATION: A 40-year-old woman presents with difficulty falling asleep, diminished appetite, and tiredness for the past 6 weeks.
CONVERSATION LOG:
Doctor Question: Have you been experiencing persistent feelings of sadness, hopelessness, or loss of interest in activities you used to enjoy?
Patient Response: Yes.
QUESTION: Which of the following is the best course of treatment in this patient?
OPTIONS: A: Diazepam, B: Paroxetine, C: Zolpidem, D: Trazodone
YOUR TASK: Medical conditions are complex, so you should seek to understand their situations across many features. First, consider which medical specialty is this patient's case; then, consider a list of necessary features a doctor would need to make the right medical judgment; finally, consider whether all necessary information is given in the conversation above. How confident are you to pick the correct option to the problem factually using the conversation log? Choose between the following ratings:
"Very Confident" - The correct option is supported by all evidence, and there is enough evidence to eliminate the rest of the answers, so the option can be confirmed conclusively.
"Somewhat Confident" - I have reasonably enough information to tell that the correct option is more likely than other options, more information is helpful to make a conclusive decision.
"Neither Confident or Unconfident" - There are evident supporting the correct option, but further evidence is needed to be sure which one is the correct option.
"Somewhat Unconfident" - There are evidence supporting more than one options, therefore more questions are needed to further distinguish the options.
"Very Unconfident" - There are not enough evidence supporting any of the options, the likelihood of picking the correct option at this point is near random guessing.

Think carefully step by step, respond with the chosen confidence rating ONLY and NOTHING ELSE.
[2025-10-25 14:32:15,358] [INFO] -------------------- Self-Consistency Iteration 1 --------------------
[2025-10-25 14:32:16,614] [INFO] [<SCALE SCORE LM RES>]: Somewhat Confident
[2025-10-25 14:32:16,614] [INFO] [<SCALE SCORE PARSED>]: 4
[2025-10-25 14:32:16,614] [INFO] [<SCALE SCORE RETURN>] (average conf score]): 4.0
[2025-10-25 14:32:16,614] [INFO] [ABSTENTION PROMPT]: [{'role': 'system', 'content': 'You are a medical doctor trying to reason through a real-life clinical case. Based on your understanding of basic and clinical science, medical knowledge, and mechanisms underlying health, disease, patient care, and modes of therapy, respond according to the task specified by the user. Base your response on the current and standard practices referenced in medical guidelines.'}, {'role': 'user', 'content': 'A patient comes into the clinic presenting with a symptom as described in the conversation log below:\n    \nPATIENT INFORMATION: A 40-year-old woman presents with difficulty falling asleep, diminished appetite, and tiredness for the past 6 weeks.\nCONVERSATION LOG:\nDoctor Question: Have you been experiencing persistent feelings of sadness, hopelessness, or loss of interest in activities you used to enjoy?\nPatient Response: Yes.\nQUESTION: Which of the following is the best course of treatment in this patient?\nOPTIONS: A: Diazepam, B: Paroxetine, C: Zolpidem, D: Trazodone\nYOUR TASK: Medical conditions are complex, so you should seek to understand their situations across many features. First, consider which medical specialty is this patient\'s case; then, consider a list of necessary features a doctor would need to make the right medical judgment; finally, consider whether all necessary information is given in the conversation above. How confident are you to pick the correct option to the problem factually using the conversation log? Choose between the following ratings:\n"Very Confident" - The correct option is supported by all evidence, and there is enough evidence to eliminate the rest of the answers, so the option can be confirmed conclusively.\n"Somewhat Confident" - I have reasonably enough information to tell that the correct option is more likely than other options, more information is helpful to make a conclusive decision.\n"Neither Confident or Unconfident" - There are evident supporting the correct option, but further evidence is needed to be sure which one is the correct option.\n"Somewhat Unconfident" - There are evidence supporting more than one options, therefore more questions are needed to further distinguish the options.\n"Very Unconfident" - There are not enough evidence supporting any of the options, the likelihood of picking the correct option at this point is near random guessing.\n\nThink carefully step by step, respond with the chosen confidence rating ONLY and NOTHING ELSE.'}]
[2025-10-25 14:32:16,614] [INFO] [ABSTENTION RESPONSE]: Somewhat Confident

[2025-10-25 14:32:16,614] [INFO] ++++++++++++++++++++ Start of Multiple Chocie Decision [expert_basics.py:expert_response_choice()] ++++++++++++++++++++
[2025-10-25 14:32:16,614] [INFO] [<CHOICE PROMPT>] [len(messages)=2] (messages[-1]):
A patient comes into the clinic presenting with a symptom as described in the conversation log below:
    
PATIENT INFORMATION: A 40-year-old woman presents with difficulty falling asleep, diminished appetite, and tiredness for the past 6 weeks.
CONVERSATION LOG:
Doctor Question: Have you been experiencing persistent feelings of sadness, hopelessness, or loss of interest in activities you used to enjoy?
Patient Response: Yes.
QUESTION: Which of the following is the best course of treatment in this patient?
OPTIONS: A: Diazepam, B: Paroxetine, C: Zolpidem, D: Trazodone
YOUR TASK: Assume that you already have enough information from the above question-answer pairs to answer the patient inquiry, use the above information to produce a factual conclusion. Respond with the correct letter choice (A, B, C, or D) and NOTHING ELSE.
LETTER CHOICE: 
[2025-10-25 14:32:18,138] [INFO] [<CHOICE LM RES>]: B
[2025-10-25 14:32:18,138] [INFO] [<CHOICE PARSED>]: B
[2025-10-25 14:32:18,138] [INFO] [SCALE ABSTAIN RETURN]: abstain: False, confidence: 4.0, letter_choice: B, usage: {'input_tokens': 740, 'output_tokens': 5}

[2025-10-25 14:32:18,138] [INFO] [Expert System]: {'type': 'choice', 'letter_choice': 'B', 'confidence': 4.0, 'usage': {'input_tokens': 740, 'output_tokens': 5}}
[2025-10-25 14:32:18,138] [INFO] |||||||||||||||||||| Interaction ended for patient #2 ||||||||||||||||||||



