[2025-10-26 15:24:39,145] [INFO] |||||||||||||||||||| PATIENT #0 ||||||||||||||||||||
[2025-10-26 15:24:39,148] [INFO] ==================== Turn 1 ====================
[2025-10-26 15:27:53,939] [INFO] [Expert System]: {'type': 'choice', 'letter_choice': 'C', 'confidence': 'very confident', 'usage': {'input_tokens': 0, 'output_tokens': 0, 'call_count': 25}}
[2025-10-26 15:27:53,939] [INFO] |||||||||||||||||||| Interaction ended for patient #0 ||||||||||||||||||||



[2025-10-26 15:27:53,942] [INFO] |||||||||||||||||||| PATIENT #1 ||||||||||||||||||||
[2025-10-26 15:27:53,947] [INFO] ==================== Turn 1 ====================
[2025-10-26 15:31:29,579] [INFO] [Expert System]: {'type': 'choice', 'letter_choice': 'A', 'confidence': 'very confident', 'usage': {'input_tokens': 0, 'output_tokens': 0, 'call_count': 30}}
[2025-10-26 15:31:29,579] [INFO] |||||||||||||||||||| Interaction ended for patient #1 ||||||||||||||||||||



[2025-10-26 15:31:29,594] [INFO] |||||||||||||||||||| PATIENT #2 ||||||||||||||||||||
[2025-10-26 15:31:29,597] [INFO] ==================== Turn 1 ====================
[2025-10-26 15:33:42,775] [INFO] [Expert System]: {'type': 'choice', 'letter_choice': 'D', 'confidence': 'very confident', 'usage': {'input_tokens': 0, 'output_tokens': 0, 'call_count': 16}}
[2025-10-26 15:33:42,775] [INFO] |||||||||||||||||||| Interaction ended for patient #2 ||||||||||||||||||||



[2025-10-26 15:33:42,790] [INFO] |||||||||||||||||||| PATIENT #3 ||||||||||||||||||||
[2025-10-26 15:33:42,794] [INFO] ==================== Turn 1 ====================
[2025-10-26 15:39:20,097] [INFO] [Expert System]: {'type': 'choice', 'letter_choice': 'C', 'confidence': 'very confident', 'usage': {'input_tokens': 0, 'output_tokens': 0, 'call_count': 36}}
[2025-10-26 15:39:20,097] [INFO] |||||||||||||||||||| Interaction ended for patient #3 ||||||||||||||||||||



[2025-10-26 15:39:20,111] [INFO] |||||||||||||||||||| PATIENT #4 ||||||||||||||||||||
[2025-10-26 15:39:20,114] [INFO] ==================== Turn 1 ====================
[2025-10-26 15:44:53,440] [INFO] [Expert System]: {'type': 'choice', 'letter_choice': 'C', 'confidence': 'very confident', 'usage': {'input_tokens': 0, 'output_tokens': 0, 'call_count': 43}}
[2025-10-26 15:44:53,440] [INFO] |||||||||||||||||||| Interaction ended for patient #4 ||||||||||||||||||||



[2025-10-26 15:44:53,452] [INFO] |||||||||||||||||||| PATIENT #5 ||||||||||||||||||||
[2025-10-26 15:44:53,456] [INFO] ==================== Turn 1 ====================
[2025-10-26 15:47:58,135] [INFO] [Expert System]: {'type': 'choice', 'letter_choice': 'C', 'confidence': 'very confident', 'usage': {'input_tokens': 0, 'output_tokens': 0, 'call_count': 30}}
[2025-10-26 15:47:58,135] [INFO] |||||||||||||||||||| Interaction ended for patient #5 ||||||||||||||||||||



[2025-10-26 15:47:58,148] [INFO] |||||||||||||||||||| PATIENT #6 ||||||||||||||||||||
[2025-10-26 15:47:58,151] [INFO] ==================== Turn 1 ====================
[2025-10-26 15:51:35,865] [INFO] [Expert System]: {'type': 'choice', 'letter_choice': 'D', 'confidence': 'very confident', 'usage': {'input_tokens': 0, 'output_tokens': 0, 'call_count': 30}}
[2025-10-26 15:51:35,865] [INFO] |||||||||||||||||||| Interaction ended for patient #6 ||||||||||||||||||||



[2025-10-26 15:51:35,880] [INFO] |||||||||||||||||||| PATIENT #7 ||||||||||||||||||||
[2025-10-26 15:51:35,884] [INFO] ==================== Turn 1 ====================
[2025-10-26 15:54:50,388] [INFO] [Expert System]: {'type': 'choice', 'letter_choice': 'B', 'confidence': 'very confident', 'usage': {'input_tokens': 0, 'output_tokens': 0, 'call_count': 27}}
[2025-10-26 15:54:50,388] [INFO] |||||||||||||||||||| Interaction ended for patient #7 ||||||||||||||||||||



[2025-10-26 15:54:50,402] [INFO] |||||||||||||||||||| PATIENT #8 ||||||||||||||||||||
[2025-10-26 15:54:50,406] [INFO] ==================== Turn 1 ====================
[2025-10-26 15:58:13,825] [INFO] [Expert System]: {'type': 'choice', 'letter_choice': 'A', 'confidence': 'very confident', 'usage': {'input_tokens': 0, 'output_tokens': 0, 'call_count': 20}}
[2025-10-26 15:58:13,826] [INFO] |||||||||||||||||||| Interaction ended for patient #8 ||||||||||||||||||||



[2025-10-26 15:58:13,838] [INFO] |||||||||||||||||||| PATIENT #9 ||||||||||||||||||||
[2025-10-26 15:58:13,842] [INFO] ==================== Turn 1 ====================
