[2025-10-26 15:03:29,669] [INFO] |||||||||||||||||||| PATIENT #0 ||||||||||||||||||||
[2025-10-26 15:03:29,673] [INFO] ==================== Turn 1 ====================
[2025-10-26 15:04:11,399] [WARNING] [DeepseekMCTSExpert] No choice returned, falling back to implicit expert.
[2025-10-26 15:04:11,399] [INFO] ++++++++++++++++++++ Start of Implicit Abstention [expert_basics.py:expert_response_choice_or_question()] ++++++++++++++++++++
[2025-10-26 15:04:11,399] [INFO] [<IMPLICIT ABSTAIN PROMPT>] [len(messages)=2] (messages[-1]):
A patient comes into the clinic presenting with a symptom as described in the conversation log below:
    
PATIENT INFORMATION: A 21-year-old sexually active male complains of fever, pain during urination, and inflammation and pain in the right knee.
CONVERSATION LOG:
None
QUESTION: The mechanism of action of the medication given blocks cell wall synthesis, which of the following was given?
OPTIONS: A: Gentamicin, B: Ciprofloxacin, C: Ceftriaxone, D: Trimethoprim
YOUR TASK: Given the information so far, if you are confident to pick an option correctly and factually, respond with the letter choice and NOTHING ELSE. Otherwise, if you are not confident to pick an option and need more information, ask ONE SPECIFIC ATOMIC QUESTION to the patient. The question should be bite-sized, NOT ask for too much at once, and NOT repeat what has already been asked. In this case, respond with the atomic question and NOTHING ELSE.
[2025-10-26 15:04:11,401] [INFO] -------------------- Self-Consistency Iteration 1 --------------------
[2025-10-26 15:04:13,693] [INFO] [<IMPLICIT ABSTAIN LM RES>]: C
[2025-10-26 15:04:13,694] [INFO] [<IMPLICIT ABSTAIN PARSED>]: C
[2025-10-26 15:04:13,694] [INFO] [<IMPLICIT ABSTAIN RETURN>]: atomic_question: None, final_answer: C, conf_score: 1.0 ([1 : 0])
[2025-10-26 15:04:13,694] [INFO] [ABSTENTION PROMPT]: [{'role': 'system', 'content': 'You are a medical doctor trying to reason through a real-life clinical case. Based on your understanding of basic and clinical science, medical knowledge, and mechanisms underlying health, disease, patient care, and modes of therapy, respond according to the task specified by the user. Base your response on the current and standard practices referenced in medical guidelines.'}, {'role': 'user', 'content': 'A patient comes into the clinic presenting with a symptom as described in the conversation log below:\n    \nPATIENT INFORMATION: A 21-year-old sexually active male complains of fever, pain during urination, and inflammation and pain in the right knee.\nCONVERSATION LOG:\nNone\nQUESTION: The mechanism of action of the medication given blocks cell wall synthesis, which of the following was given?\nOPTIONS: A: Gentamicin, B: Ciprofloxacin, C: Ceftriaxone, D: Trimethoprim\nYOUR TASK: Given the information so far, if you are confident to pick an option correctly and factually, respond with the letter choice and NOTHING ELSE. Otherwise, if you are not confident to pick an option and need more information, ask ONE SPECIFIC ATOMIC QUESTION to the patient. The question should be bite-sized, NOT ask for too much at once, and NOT repeat what has already been asked. In this case, respond with the atomic question and NOTHING ELSE.'}]
[2025-10-26 15:04:13,694] [INFO] [ABSTENTION RESPONSE]: C

[2025-10-26 15:04:13,694] [INFO] [IMPLICIT ABSTAIN RETURN]: abstain: False, confidence: 1.0, letter_choice: C, usage: {'input_tokens': 283, 'output_tokens': 1}, atomic_question: None

[2025-10-26 15:04:13,694] [INFO] [Expert System]: {'type': 'choice', 'question': None, 'letter_choice': 'C', 'confidence': 1.0, 'usage': {'input_tokens': 283, 'output_tokens': 1}}
[2025-10-26 15:04:13,694] [INFO] |||||||||||||||||||| Interaction ended for patient #0 ||||||||||||||||||||



[2025-10-26 15:04:13,698] [INFO] |||||||||||||||||||| PATIENT #1 ||||||||||||||||||||
[2025-10-26 15:04:13,700] [INFO] ==================== Turn 1 ====================
[2025-10-26 15:04:46,530] [WARNING] [DeepseekMCTSExpert] No choice returned, falling back to implicit expert.
[2025-10-26 15:04:46,530] [INFO] ++++++++++++++++++++ Start of Implicit Abstention [expert_basics.py:expert_response_choice_or_question()] ++++++++++++++++++++
[2025-10-26 15:04:46,530] [INFO] [<IMPLICIT ABSTAIN PROMPT>] [len(messages)=2] (messages[-1]):
A patient comes into the clinic presenting with a symptom as described in the conversation log below:
    
PATIENT INFORMATION: A 5-year-old girl is brought to the emergency department by her mother because of multiple episodes of nausea and vomiting that last about 2 hours.
CONVERSATION LOG:
None
QUESTION: Which of the following is the most likely diagnosis?
OPTIONS: A: Cyclic vomiting syndrome, B: Gastroenteritis, C: Hypertrophic pyloric stenosis, D: Gastroesophageal reflux disease
YOUR TASK: Given the information so far, if you are confident to pick an option correctly and factually, respond with the letter choice and NOTHING ELSE. Otherwise, if you are not confident to pick an option and need more information, ask ONE SPECIFIC ATOMIC QUESTION to the patient. The question should be bite-sized, NOT ask for too much at once, and NOT repeat what has already been asked. In this case, respond with the atomic question and NOTHING ELSE.
[2025-10-26 15:04:46,530] [INFO] -------------------- Self-Consistency Iteration 1 --------------------
[2025-10-26 15:04:47,951] [INFO] [<IMPLICIT ABSTAIN LM RES>]: B
[2025-10-26 15:04:47,951] [INFO] [<IMPLICIT ABSTAIN PARSED>]: B
[2025-10-26 15:04:47,951] [INFO] [<IMPLICIT ABSTAIN RETURN>]: atomic_question: None, final_answer: B, conf_score: 1.0 ([1 : 0])
[2025-10-26 15:04:47,951] [INFO] [ABSTENTION PROMPT]: [{'role': 'system', 'content': 'You are a medical doctor trying to reason through a real-life clinical case. Based on your understanding of basic and clinical science, medical knowledge, and mechanisms underlying health, disease, patient care, and modes of therapy, respond according to the task specified by the user. Base your response on the current and standard practices referenced in medical guidelines.'}, {'role': 'user', 'content': 'A patient comes into the clinic presenting with a symptom as described in the conversation log below:\n    \nPATIENT INFORMATION: A 5-year-old girl is brought to the emergency department by her mother because of multiple episodes of nausea and vomiting that last about 2 hours.\nCONVERSATION LOG:\nNone\nQUESTION: Which of the following is the most likely diagnosis?\nOPTIONS: A: Cyclic vomiting syndrome, B: Gastroenteritis, C: Hypertrophic pyloric stenosis, D: Gastroesophageal reflux disease\nYOUR TASK: Given the information so far, if you are confident to pick an option correctly and factually, respond with the letter choice and NOTHING ELSE. Otherwise, if you are not confident to pick an option and need more information, ask ONE SPECIFIC ATOMIC QUESTION to the patient. The question should be bite-sized, NOT ask for too much at once, and NOT repeat what has already been asked. In this case, respond with the atomic question and NOTHING ELSE.'}]
[2025-10-26 15:04:47,951] [INFO] [ABSTENTION RESPONSE]: B

[2025-10-26 15:04:47,951] [INFO] [IMPLICIT ABSTAIN RETURN]: abstain: False, confidence: 1.0, letter_choice: B, usage: {'input_tokens': 277, 'output_tokens': 1}, atomic_question: None

[2025-10-26 15:04:47,951] [INFO] [Expert System]: {'type': 'choice', 'question': None, 'letter_choice': 'B', 'confidence': 1.0, 'usage': {'input_tokens': 277, 'output_tokens': 1}}
[2025-10-26 15:04:47,952] [INFO] |||||||||||||||||||| Interaction ended for patient #1 ||||||||||||||||||||



[2025-10-26 15:04:47,961] [INFO] |||||||||||||||||||| PATIENT #2 ||||||||||||||||||||
[2025-10-26 15:04:47,964] [INFO] ==================== Turn 1 ====================
[2025-10-26 15:05:10,541] [WARNING] [DeepseekMCTSExpert] No choice returned, falling back to implicit expert.
[2025-10-26 15:05:10,541] [INFO] ++++++++++++++++++++ Start of Implicit Abstention [expert_basics.py:expert_response_choice_or_question()] ++++++++++++++++++++
[2025-10-26 15:05:10,541] [INFO] [<IMPLICIT ABSTAIN PROMPT>] [len(messages)=2] (messages[-1]):
A patient comes into the clinic presenting with a symptom as described in the conversation log below:
    
PATIENT INFORMATION: A 40-year-old woman presents with difficulty falling asleep, diminished appetite, and tiredness for the past 6 weeks.
CONVERSATION LOG:
None
QUESTION: Which of the following is the best course of treatment in this patient?
OPTIONS: A: Diazepam, B: Paroxetine, C: Zolpidem, D: Trazodone
YOUR TASK: Given the information so far, if you are confident to pick an option correctly and factually, respond with the letter choice and NOTHING ELSE. Otherwise, if you are not confident to pick an option and need more information, ask ONE SPECIFIC ATOMIC QUESTION to the patient. The question should be bite-sized, NOT ask for too much at once, and NOT repeat what has already been asked. In this case, respond with the atomic question and NOTHING ELSE.
[2025-10-26 15:05:10,541] [INFO] -------------------- Self-Consistency Iteration 1 --------------------
[2025-10-26 15:05:12,551] [INFO] [<IMPLICIT ABSTAIN LM RES>]: Have you experienced low mood or loss of interest in activities you used to enjoy?
[2025-10-26 15:05:12,551] [INFO] [<IMPLICIT ABSTAIN PARSED>]: Have you experienced low mood or loss of interest in activities you used to enjoy?
[2025-10-26 15:05:12,551] [INFO] [<IMPLICIT ABSTAIN RETURN>]: atomic_question: Have you experienced low mood or loss of interest in activities you used to enjoy?, final_answer: None, conf_score: 0.0 ([0 : 1])
[2025-10-26 15:05:12,551] [INFO] [ABSTENTION PROMPT]: [{'role': 'system', 'content': 'You are a medical doctor trying to reason through a real-life clinical case. Based on your understanding of basic and clinical science, medical knowledge, and mechanisms underlying health, disease, patient care, and modes of therapy, respond according to the task specified by the user. Base your response on the current and standard practices referenced in medical guidelines.'}, {'role': 'user', 'content': 'A patient comes into the clinic presenting with a symptom as described in the conversation log below:\n    \nPATIENT INFORMATION: A 40-year-old woman presents with difficulty falling asleep, diminished appetite, and tiredness for the past 6 weeks.\nCONVERSATION LOG:\nNone\nQUESTION: Which of the following is the best course of treatment in this patient?\nOPTIONS: A: Diazepam, B: Paroxetine, C: Zolpidem, D: Trazodone\nYOUR TASK: Given the information so far, if you are confident to pick an option correctly and factually, respond with the letter choice and NOTHING ELSE. Otherwise, if you are not confident to pick an option and need more information, ask ONE SPECIFIC ATOMIC QUESTION to the patient. The question should be bite-sized, NOT ask for too much at once, and NOT repeat what has already been asked. In this case, respond with the atomic question and NOTHING ELSE.'}]
[2025-10-26 15:05:12,551] [INFO] [ABSTENTION RESPONSE]: Have you experienced low mood or loss of interest in activities you used to enjoy?

[2025-10-26 15:05:12,551] [INFO] ++++++++++++++++++++ Start of Multiple Chocie Decision [expert_basics.py:expert_response_choice()] ++++++++++++++++++++
[2025-10-26 15:05:12,551] [INFO] [<CHOICE PROMPT>] [len(messages)=2] (messages[-1]):
A patient comes into the clinic presenting with a symptom as described in the conversation log below:
    
PATIENT INFORMATION: A 40-year-old woman presents with difficulty falling asleep, diminished appetite, and tiredness for the past 6 weeks.
CONVERSATION LOG:
None
QUESTION: Which of the following is the best course of treatment in this patient?
OPTIONS: A: Diazepam, B: Paroxetine, C: Zolpidem, D: Trazodone
YOUR TASK: Assume that you already have enough information from the above question-answer pairs to answer the patient inquiry, use the above information to produce a factual conclusion. Respond with the correct letter choice (A, B, C, or D) and NOTHING ELSE.
LETTER CHOICE: 
[2025-10-26 15:05:13,693] [INFO] [<CHOICE LM RES>]: D
[2025-10-26 15:05:13,694] [INFO] [<CHOICE PARSED>]: D
[2025-10-26 15:05:13,694] [INFO] [IMPLICIT ABSTAIN RETURN]: abstain: True, confidence: 0.0, letter_choice: D, usage: {'input_tokens': 507, 'output_tokens': 17}, atomic_question: Have you experienced low mood or loss of interest in activities you used to enjoy?

[2025-10-26 15:05:13,694] [INFO] [Expert System]: {'type': 'question', 'question': 'Have you experienced low mood or loss of interest in activities you used to enjoy?', 'letter_choice': 'D', 'confidence': 0.0, 'usage': {'input_tokens': 507, 'output_tokens': 17}}
[2025-10-26 15:05:15,119] [INFO] [Patient System]: Yes, she has experienced loss of interest in activities she used to enjoy.
[2025-10-26 15:05:15,119] [INFO] ==================== Turn 2 ====================
[2025-10-26 15:05:54,720] [WARNING] [DeepseekMCTSExpert] No choice returned, falling back to implicit expert.
[2025-10-26 15:05:54,720] [INFO] ++++++++++++++++++++ Start of Implicit Abstention [expert_basics.py:expert_response_choice_or_question()] ++++++++++++++++++++
[2025-10-26 15:05:54,720] [INFO] [<IMPLICIT ABSTAIN PROMPT>] [len(messages)=2] (messages[-1]):
A patient comes into the clinic presenting with a symptom as described in the conversation log below:
    
PATIENT INFORMATION: A 40-year-old woman presents with difficulty falling asleep, diminished appetite, and tiredness for the past 6 weeks.
CONVERSATION LOG:
Doctor Question: Have you experienced low mood or loss of interest in activities you used to enjoy?
Patient Response: Yes, she has experienced loss of interest in activities she used to enjoy.
QUESTION: Which of the following is the best course of treatment in this patient?
OPTIONS: A: Diazepam, B: Paroxetine, C: Zolpidem, D: Trazodone
YOUR TASK: Given the information so far, if you are confident to pick an option correctly and factually, respond with the letter choice and NOTHING ELSE. Otherwise, if you are not confident to pick an option and need more information, ask ONE SPECIFIC ATOMIC QUESTION to the patient. The question should be bite-sized, NOT ask for too much at once, and NOT repeat what has already been asked. In this case, respond with the atomic question and NOTHING ELSE.
[2025-10-26 15:05:54,721] [INFO] -------------------- Self-Consistency Iteration 1 --------------------
[2025-10-26 15:05:56,583] [INFO] [<IMPLICIT ABSTAIN LM RES>]: B
[2025-10-26 15:05:56,584] [INFO] [<IMPLICIT ABSTAIN PARSED>]: B
[2025-10-26 15:05:56,584] [INFO] [<IMPLICIT ABSTAIN RETURN>]: atomic_question: None, final_answer: B, conf_score: 1.0 ([1 : 0])
[2025-10-26 15:05:56,584] [INFO] [ABSTENTION PROMPT]: [{'role': 'system', 'content': 'You are a medical doctor trying to reason through a real-life clinical case. Based on your understanding of basic and clinical science, medical knowledge, and mechanisms underlying health, disease, patient care, and modes of therapy, respond according to the task specified by the user. Base your response on the current and standard practices referenced in medical guidelines.'}, {'role': 'user', 'content': 'A patient comes into the clinic presenting with a symptom as described in the conversation log below:\n    \nPATIENT INFORMATION: A 40-year-old woman presents with difficulty falling asleep, diminished appetite, and tiredness for the past 6 weeks.\nCONVERSATION LOG:\nDoctor Question: Have you experienced low mood or loss of interest in activities you used to enjoy?\nPatient Response: Yes, she has experienced loss of interest in activities she used to enjoy.\nQUESTION: Which of the following is the best course of treatment in this patient?\nOPTIONS: A: Diazepam, B: Paroxetine, C: Zolpidem, D: Trazodone\nYOUR TASK: Given the information so far, if you are confident to pick an option correctly and factually, respond with the letter choice and NOTHING ELSE. Otherwise, if you are not confident to pick an option and need more information, ask ONE SPECIFIC ATOMIC QUESTION to the patient. The question should be bite-sized, NOT ask for too much at once, and NOT repeat what has already been asked. In this case, respond with the atomic question and NOTHING ELSE.'}]
[2025-10-26 15:05:56,584] [INFO] [ABSTENTION RESPONSE]: B

[2025-10-26 15:05:56,584] [INFO] [IMPLICIT ABSTAIN RETURN]: abstain: False, confidence: 1.0, letter_choice: B, usage: {'input_tokens': 308, 'output_tokens': 1}, atomic_question: None

[2025-10-26 15:05:56,584] [INFO] [Expert System]: {'type': 'choice', 'question': None, 'letter_choice': 'B', 'confidence': 1.0, 'usage': {'input_tokens': 308, 'output_tokens': 1}}
[2025-10-26 15:05:56,584] [INFO] |||||||||||||||||||| Interaction ended for patient #2 ||||||||||||||||||||



[2025-10-26 15:05:56,598] [INFO] |||||||||||||||||||| PATIENT #3 ||||||||||||||||||||
[2025-10-26 15:05:56,602] [INFO] ==================== Turn 1 ====================
[2025-10-26 15:06:36,495] [WARNING] [DeepseekMCTSExpert] No choice returned, falling back to implicit expert.
[2025-10-26 15:06:36,495] [INFO] ++++++++++++++++++++ Start of Implicit Abstention [expert_basics.py:expert_response_choice_or_question()] ++++++++++++++++++++
[2025-10-26 15:06:36,495] [INFO] [<IMPLICIT ABSTAIN PROMPT>] [len(messages)=2] (messages[-1]):
A patient comes into the clinic presenting with a symptom as described in the conversation log below:
    
PATIENT INFORMATION: A 37-year-old female with a history of type II diabetes mellitus presents to the emergency department complaining of blood in her urine, left-sided flank pain, nausea, and fever.
CONVERSATION LOG:
None
QUESTION: Which of the following is the next best step in management?
OPTIONS: A: Obtain an abdominal CT scan, B: Obtain a urine analysis and urine culture, C: Begin intravenous treatment with ceftazidime, D: No treatment is necessary
YOUR TASK: Given the information so far, if you are confident to pick an option correctly and factually, respond with the letter choice and NOTHING ELSE. Otherwise, if you are not confident to pick an option and need more information, ask ONE SPECIFIC ATOMIC QUESTION to the patient. The question should be bite-sized, NOT ask for too much at once, and NOT repeat what has already been asked. In this case, respond with the atomic question and NOTHING ELSE.
[2025-10-26 15:06:36,495] [INFO] -------------------- Self-Consistency Iteration 1 --------------------
[2025-10-26 15:06:37,648] [INFO] [<IMPLICIT ABSTAIN LM RES>]: B
[2025-10-26 15:06:37,648] [INFO] [<IMPLICIT ABSTAIN PARSED>]: B
[2025-10-26 15:06:37,648] [INFO] [<IMPLICIT ABSTAIN RETURN>]: atomic_question: None, final_answer: B, conf_score: 1.0 ([1 : 0])
[2025-10-26 15:06:37,648] [INFO] [ABSTENTION PROMPT]: [{'role': 'system', 'content': 'You are a medical doctor trying to reason through a real-life clinical case. Based on your understanding of basic and clinical science, medical knowledge, and mechanisms underlying health, disease, patient care, and modes of therapy, respond according to the task specified by the user. Base your response on the current and standard practices referenced in medical guidelines.'}, {'role': 'user', 'content': 'A patient comes into the clinic presenting with a symptom as described in the conversation log below:\n    \nPATIENT INFORMATION: A 37-year-old female with a history of type II diabetes mellitus presents to the emergency department complaining of blood in her urine, left-sided flank pain, nausea, and fever.\nCONVERSATION LOG:\nNone\nQUESTION: Which of the following is the next best step in management?\nOPTIONS: A: Obtain an abdominal CT scan, B: Obtain a urine analysis and urine culture, C: Begin intravenous treatment with ceftazidime, D: No treatment is necessary\nYOUR TASK: Given the information so far, if you are confident to pick an option correctly and factually, respond with the letter choice and NOTHING ELSE. Otherwise, if you are not confident to pick an option and need more information, ask ONE SPECIFIC ATOMIC QUESTION to the patient. The question should be bite-sized, NOT ask for too much at once, and NOT repeat what has already been asked. In this case, respond with the atomic question and NOTHING ELSE.'}]
[2025-10-26 15:06:37,648] [INFO] [ABSTENTION RESPONSE]: B

[2025-10-26 15:06:37,648] [INFO] [IMPLICIT ABSTAIN RETURN]: abstain: False, confidence: 1.0, letter_choice: B, usage: {'input_tokens': 294, 'output_tokens': 1}, atomic_question: None

[2025-10-26 15:06:37,648] [INFO] [Expert System]: {'type': 'choice', 'question': None, 'letter_choice': 'B', 'confidence': 1.0, 'usage': {'input_tokens': 294, 'output_tokens': 1}}
[2025-10-26 15:06:37,648] [INFO] |||||||||||||||||||| Interaction ended for patient #3 ||||||||||||||||||||



[2025-10-26 15:06:37,661] [INFO] |||||||||||||||||||| PATIENT #4 ||||||||||||||||||||
[2025-10-26 15:06:37,666] [INFO] ==================== Turn 1 ====================
[2025-10-26 15:07:24,529] [WARNING] [DeepseekMCTSExpert] No choice returned, falling back to implicit expert.
[2025-10-26 15:07:24,529] [INFO] ++++++++++++++++++++ Start of Implicit Abstention [expert_basics.py:expert_response_choice_or_question()] ++++++++++++++++++++
[2025-10-26 15:07:24,529] [INFO] [<IMPLICIT ABSTAIN PROMPT>] [len(messages)=2] (messages[-1]):
A patient comes into the clinic presenting with a symptom as described in the conversation log below:
    
PATIENT INFORMATION: A 19-year-old boy presents with confusion and the inability to speak properly.
CONVERSATION LOG:
None
QUESTION: Which of the following should be treated first in this patient?
OPTIONS: A: Hypoperfusion, B: Hyperglycemia, C: Metabolic acidosis, D: Hypokalemia
YOUR TASK: Given the information so far, if you are confident to pick an option correctly and factually, respond with the letter choice and NOTHING ELSE. Otherwise, if you are not confident to pick an option and need more information, ask ONE SPECIFIC ATOMIC QUESTION to the patient. The question should be bite-sized, NOT ask for too much at once, and NOT repeat what has already been asked. In this case, respond with the atomic question and NOTHING ELSE.
[2025-10-26 15:07:24,529] [INFO] -------------------- Self-Consistency Iteration 1 --------------------
[2025-10-26 15:07:26,188] [INFO] [<IMPLICIT ABSTAIN LM RES>]: What is the patient's blood glucose level?
[2025-10-26 15:07:26,188] [INFO] [<IMPLICIT ABSTAIN PARSED>]: What is the patients blood glucose level?
[2025-10-26 15:07:26,188] [INFO] [<IMPLICIT ABSTAIN RETURN>]: atomic_question: What is the patients blood glucose level?, final_answer: None, conf_score: 0.0 ([0 : 1])
[2025-10-26 15:07:26,188] [INFO] [ABSTENTION PROMPT]: [{'role': 'system', 'content': 'You are a medical doctor trying to reason through a real-life clinical case. Based on your understanding of basic and clinical science, medical knowledge, and mechanisms underlying health, disease, patient care, and modes of therapy, respond according to the task specified by the user. Base your response on the current and standard practices referenced in medical guidelines.'}, {'role': 'user', 'content': 'A patient comes into the clinic presenting with a symptom as described in the conversation log below:\n    \nPATIENT INFORMATION: A 19-year-old boy presents with confusion and the inability to speak properly.\nCONVERSATION LOG:\nNone\nQUESTION: Which of the following should be treated first in this patient?\nOPTIONS: A: Hypoperfusion, B: Hyperglycemia, C: Metabolic acidosis, D: Hypokalemia\nYOUR TASK: Given the information so far, if you are confident to pick an option correctly and factually, respond with the letter choice and NOTHING ELSE. Otherwise, if you are not confident to pick an option and need more information, ask ONE SPECIFIC ATOMIC QUESTION to the patient. The question should be bite-sized, NOT ask for too much at once, and NOT repeat what has already been asked. In this case, respond with the atomic question and NOTHING ELSE.'}]
[2025-10-26 15:07:26,188] [INFO] [ABSTENTION RESPONSE]: What is the patient's blood glucose level?

[2025-10-26 15:07:26,188] [INFO] ++++++++++++++++++++ Start of Multiple Chocie Decision [expert_basics.py:expert_response_choice()] ++++++++++++++++++++
[2025-10-26 15:07:26,188] [INFO] [<CHOICE PROMPT>] [len(messages)=2] (messages[-1]):
A patient comes into the clinic presenting with a symptom as described in the conversation log below:
    
PATIENT INFORMATION: A 19-year-old boy presents with confusion and the inability to speak properly.
CONVERSATION LOG:
None
QUESTION: Which of the following should be treated first in this patient?
OPTIONS: A: Hypoperfusion, B: Hyperglycemia, C: Metabolic acidosis, D: Hypokalemia
YOUR TASK: Assume that you already have enough information from the above question-answer pairs to answer the patient inquiry, use the above information to produce a factual conclusion. Respond with the correct letter choice (A, B, C, or D) and NOTHING ELSE.
LETTER CHOICE: 
[2025-10-26 15:07:27,800] [INFO] [<CHOICE LM RES>]: A
[2025-10-26 15:07:27,800] [INFO] [<CHOICE PARSED>]: A
[2025-10-26 15:07:27,800] [INFO] [IMPLICIT ABSTAIN RETURN]: abstain: True, confidence: 0.0, letter_choice: A, usage: {'input_tokens': 481, 'output_tokens': 10}, atomic_question: What is the patients blood glucose level?

[2025-10-26 15:07:27,800] [INFO] [Expert System]: {'type': 'question', 'question': 'What is the patients blood glucose level?', 'letter_choice': 'A', 'confidence': 0.0, 'usage': {'input_tokens': 481, 'output_tokens': 10}}
[2025-10-26 15:07:28,910] [INFO] [Patient System]: 450 mg/dL
[2025-10-26 15:07:28,910] [INFO] ==================== Turn 2 ====================
[2025-10-26 15:07:51,774] [WARNING] [DeepseekMCTSExpert] No choice returned, falling back to implicit expert.
[2025-10-26 15:07:51,774] [INFO] ++++++++++++++++++++ Start of Implicit Abstention [expert_basics.py:expert_response_choice_or_question()] ++++++++++++++++++++
[2025-10-26 15:07:51,774] [INFO] [<IMPLICIT ABSTAIN PROMPT>] [len(messages)=2] (messages[-1]):
A patient comes into the clinic presenting with a symptom as described in the conversation log below:
    
PATIENT INFORMATION: A 19-year-old boy presents with confusion and the inability to speak properly.
CONVERSATION LOG:
Doctor Question: What is the patients blood glucose level?
Patient Response: 450 mg/dL
QUESTION: Which of the following should be treated first in this patient?
OPTIONS: A: Hypoperfusion, B: Hyperglycemia, C: Metabolic acidosis, D: Hypokalemia
YOUR TASK: Given the information so far, if you are confident to pick an option correctly and factually, respond with the letter choice and NOTHING ELSE. Otherwise, if you are not confident to pick an option and need more information, ask ONE SPECIFIC ATOMIC QUESTION to the patient. The question should be bite-sized, NOT ask for too much at once, and NOT repeat what has already been asked. In this case, respond with the atomic question and NOTHING ELSE.
[2025-10-26 15:07:51,774] [INFO] -------------------- Self-Consistency Iteration 1 --------------------
[2025-10-26 15:07:53,462] [INFO] [<IMPLICIT ABSTAIN LM RES>]: B
[2025-10-26 15:07:53,462] [INFO] [<IMPLICIT ABSTAIN PARSED>]: B
[2025-10-26 15:07:53,462] [INFO] [<IMPLICIT ABSTAIN RETURN>]: atomic_question: None, final_answer: B, conf_score: 1.0 ([1 : 0])
[2025-10-26 15:07:53,462] [INFO] [ABSTENTION PROMPT]: [{'role': 'system', 'content': 'You are a medical doctor trying to reason through a real-life clinical case. Based on your understanding of basic and clinical science, medical knowledge, and mechanisms underlying health, disease, patient care, and modes of therapy, respond according to the task specified by the user. Base your response on the current and standard practices referenced in medical guidelines.'}, {'role': 'user', 'content': 'A patient comes into the clinic presenting with a symptom as described in the conversation log below:\n    \nPATIENT INFORMATION: A 19-year-old boy presents with confusion and the inability to speak properly.\nCONVERSATION LOG:\nDoctor Question: What is the patients blood glucose level?\nPatient Response: 450 mg/dL\nQUESTION: Which of the following should be treated first in this patient?\nOPTIONS: A: Hypoperfusion, B: Hyperglycemia, C: Metabolic acidosis, D: Hypokalemia\nYOUR TASK: Given the information so far, if you are confident to pick an option correctly and factually, respond with the letter choice and NOTHING ELSE. Otherwise, if you are not confident to pick an option and need more information, ask ONE SPECIFIC ATOMIC QUESTION to the patient. The question should be bite-sized, NOT ask for too much at once, and NOT repeat what has already been asked. In this case, respond with the atomic question and NOTHING ELSE.'}]
[2025-10-26 15:07:53,462] [INFO] [ABSTENTION RESPONSE]: B

[2025-10-26 15:07:53,462] [INFO] [IMPLICIT ABSTAIN RETURN]: abstain: False, confidence: 1.0, letter_choice: B, usage: {'input_tokens': 277, 'output_tokens': 1}, atomic_question: None

[2025-10-26 15:07:53,462] [INFO] [Expert System]: {'type': 'choice', 'question': None, 'letter_choice': 'B', 'confidence': 1.0, 'usage': {'input_tokens': 277, 'output_tokens': 1}}
[2025-10-26 15:07:53,462] [INFO] |||||||||||||||||||| Interaction ended for patient #4 ||||||||||||||||||||



[2025-10-26 15:07:53,474] [INFO] |||||||||||||||||||| PATIENT #5 ||||||||||||||||||||
[2025-10-26 15:07:53,478] [INFO] ==================== Turn 1 ====================
[2025-10-26 15:08:24,680] [WARNING] [DeepseekMCTSExpert] No choice returned, falling back to implicit expert.
[2025-10-26 15:08:24,680] [INFO] ++++++++++++++++++++ Start of Implicit Abstention [expert_basics.py:expert_response_choice_or_question()] ++++++++++++++++++++
[2025-10-26 15:08:24,680] [INFO] [<IMPLICIT ABSTAIN PROMPT>] [len(messages)=2] (messages[-1]):
A patient comes into the clinic presenting with a symptom as described in the conversation log below:
    
PATIENT INFORMATION: A 41-year-old woman presents to her primary care physician with complaints of fatigue and weakness.
CONVERSATION LOG:
None
QUESTION: Which of the following represents the most likely etiology of her anemia.
OPTIONS: A: Vitamin B12 deficiency, B: Folate deficiency, C: Iron deficiency, D: Intravascular hemolysis
YOUR TASK: Given the information so far, if you are confident to pick an option correctly and factually, respond with the letter choice and NOTHING ELSE. Otherwise, if you are not confident to pick an option and need more information, ask ONE SPECIFIC ATOMIC QUESTION to the patient. The question should be bite-sized, NOT ask for too much at once, and NOT repeat what has already been asked. In this case, respond with the atomic question and NOTHING ELSE.
[2025-10-26 15:08:24,680] [INFO] -------------------- Self-Consistency Iteration 1 --------------------
[2025-10-26 15:08:26,301] [INFO] [<IMPLICIT ABSTAIN LM RES>]: Have you noticed any changes in your menstrual bleeding?
[2025-10-26 15:08:26,301] [INFO] [<IMPLICIT ABSTAIN PARSED>]: Have you noticed any changes in your menstrual bleeding?
[2025-10-26 15:08:26,301] [INFO] [<IMPLICIT ABSTAIN RETURN>]: atomic_question: Have you noticed any changes in your menstrual bleeding?, final_answer: None, conf_score: 0.0 ([0 : 1])
[2025-10-26 15:08:26,301] [INFO] [ABSTENTION PROMPT]: [{'role': 'system', 'content': 'You are a medical doctor trying to reason through a real-life clinical case. Based on your understanding of basic and clinical science, medical knowledge, and mechanisms underlying health, disease, patient care, and modes of therapy, respond according to the task specified by the user. Base your response on the current and standard practices referenced in medical guidelines.'}, {'role': 'user', 'content': 'A patient comes into the clinic presenting with a symptom as described in the conversation log below:\n    \nPATIENT INFORMATION: A 41-year-old woman presents to her primary care physician with complaints of fatigue and weakness.\nCONVERSATION LOG:\nNone\nQUESTION: Which of the following represents the most likely etiology of her anemia.\nOPTIONS: A: Vitamin B12 deficiency, B: Folate deficiency, C: Iron deficiency, D: Intravascular hemolysis\nYOUR TASK: Given the information so far, if you are confident to pick an option correctly and factually, respond with the letter choice and NOTHING ELSE. Otherwise, if you are not confident to pick an option and need more information, ask ONE SPECIFIC ATOMIC QUESTION to the patient. The question should be bite-sized, NOT ask for too much at once, and NOT repeat what has already been asked. In this case, respond with the atomic question and NOTHING ELSE.'}]
[2025-10-26 15:08:26,301] [INFO] [ABSTENTION RESPONSE]: Have you noticed any changes in your menstrual bleeding?

[2025-10-26 15:08:26,302] [INFO] ++++++++++++++++++++ Start of Multiple Chocie Decision [expert_basics.py:expert_response_choice()] ++++++++++++++++++++
[2025-10-26 15:08:26,302] [INFO] [<CHOICE PROMPT>] [len(messages)=2] (messages[-1]):
A patient comes into the clinic presenting with a symptom as described in the conversation log below:
    
PATIENT INFORMATION: A 41-year-old woman presents to her primary care physician with complaints of fatigue and weakness.
CONVERSATION LOG:
None
QUESTION: Which of the following represents the most likely etiology of her anemia.
OPTIONS: A: Vitamin B12 deficiency, B: Folate deficiency, C: Iron deficiency, D: Intravascular hemolysis
YOUR TASK: Assume that you already have enough information from the above question-answer pairs to answer the patient inquiry, use the above information to produce a factual conclusion. Respond with the correct letter choice (A, B, C, or D) and NOTHING ELSE.
LETTER CHOICE: 
[2025-10-26 15:08:27,762] [INFO] [<CHOICE LM RES>]: C
[2025-10-26 15:08:27,762] [INFO] [<CHOICE PARSED>]: C
[2025-10-26 15:08:27,762] [INFO] [IMPLICIT ABSTAIN RETURN]: abstain: True, confidence: 0.0, letter_choice: C, usage: {'input_tokens': 495, 'output_tokens': 11}, atomic_question: Have you noticed any changes in your menstrual bleeding?

[2025-10-26 15:08:27,762] [INFO] [Expert System]: {'type': 'question', 'question': 'Have you noticed any changes in your menstrual bleeding?', 'letter_choice': 'C', 'confidence': 0.0, 'usage': {'input_tokens': 495, 'output_tokens': 11}}
[2025-10-26 15:08:29,629] [INFO] [Patient System]: The patient cannot answer this question, please do not ask this question again.
[2025-10-26 15:08:29,630] [INFO] ==================== Turn 2 ====================
[2025-10-26 15:09:05,703] [WARNING] [DeepseekMCTSExpert] No choice returned, falling back to implicit expert.
[2025-10-26 15:09:05,703] [INFO] ++++++++++++++++++++ Start of Implicit Abstention [expert_basics.py:expert_response_choice_or_question()] ++++++++++++++++++++
[2025-10-26 15:09:05,703] [INFO] [<IMPLICIT ABSTAIN PROMPT>] [len(messages)=2] (messages[-1]):
A patient comes into the clinic presenting with a symptom as described in the conversation log below:
    
PATIENT INFORMATION: A 41-year-old woman presents to her primary care physician with complaints of fatigue and weakness.
CONVERSATION LOG:
Doctor Question: Have you noticed any changes in your menstrual bleeding?
Patient Response: The patient cannot answer this question, please do not ask this question again.
QUESTION: Which of the following represents the most likely etiology of her anemia.
OPTIONS: A: Vitamin B12 deficiency, B: Folate deficiency, C: Iron deficiency, D: Intravascular hemolysis
YOUR TASK: Given the information so far, if you are confident to pick an option correctly and factually, respond with the letter choice and NOTHING ELSE. Otherwise, if you are not confident to pick an option and need more information, ask ONE SPECIFIC ATOMIC QUESTION to the patient. The question should be bite-sized, NOT ask for too much at once, and NOT repeat what has already been asked. In this case, respond with the atomic question and NOTHING ELSE.
[2025-10-26 15:09:05,703] [INFO] -------------------- Self-Consistency Iteration 1 --------------------
[2025-10-26 15:09:07,501] [INFO] [<IMPLICIT ABSTAIN LM RES>]: Have you noticed any changes in your bowel habits or stool color?
[2025-10-26 15:09:07,501] [INFO] [<IMPLICIT ABSTAIN PARSED>]: Have you noticed any changes in your bowel habits or stool color?
[2025-10-26 15:09:07,501] [INFO] [<IMPLICIT ABSTAIN RETURN>]: atomic_question: Have you noticed any changes in your bowel habits or stool color?, final_answer: None, conf_score: 0.0 ([0 : 1])
[2025-10-26 15:09:07,501] [INFO] [ABSTENTION PROMPT]: [{'role': 'system', 'content': 'You are a medical doctor trying to reason through a real-life clinical case. Based on your understanding of basic and clinical science, medical knowledge, and mechanisms underlying health, disease, patient care, and modes of therapy, respond according to the task specified by the user. Base your response on the current and standard practices referenced in medical guidelines.'}, {'role': 'user', 'content': 'A patient comes into the clinic presenting with a symptom as described in the conversation log below:\n    \nPATIENT INFORMATION: A 41-year-old woman presents to her primary care physician with complaints of fatigue and weakness.\nCONVERSATION LOG:\nDoctor Question: Have you noticed any changes in your menstrual bleeding?\nPatient Response: The patient cannot answer this question, please do not ask this question again.\nQUESTION: Which of the following represents the most likely etiology of her anemia.\nOPTIONS: A: Vitamin B12 deficiency, B: Folate deficiency, C: Iron deficiency, D: Intravascular hemolysis\nYOUR TASK: Given the information so far, if you are confident to pick an option correctly and factually, respond with the letter choice and NOTHING ELSE. Otherwise, if you are not confident to pick an option and need more information, ask ONE SPECIFIC ATOMIC QUESTION to the patient. The question should be bite-sized, NOT ask for too much at once, and NOT repeat what has already been asked. In this case, respond with the atomic question and NOTHING ELSE.'}]
[2025-10-26 15:09:07,501] [INFO] [ABSTENTION RESPONSE]: Have you noticed any changes in your bowel habits or stool color?

[2025-10-26 15:09:07,501] [INFO] ++++++++++++++++++++ Start of Multiple Chocie Decision [expert_basics.py:expert_response_choice()] ++++++++++++++++++++
[2025-10-26 15:09:07,501] [INFO] [<CHOICE PROMPT>] [len(messages)=2] (messages[-1]):
A patient comes into the clinic presenting with a symptom as described in the conversation log below:
    
PATIENT INFORMATION: A 41-year-old woman presents to her primary care physician with complaints of fatigue and weakness.
CONVERSATION LOG:
Doctor Question: Have you noticed any changes in your menstrual bleeding?
Patient Response: The patient cannot answer this question, please do not ask this question again.
QUESTION: Which of the following represents the most likely etiology of her anemia.
OPTIONS: A: Vitamin B12 deficiency, B: Folate deficiency, C: Iron deficiency, D: Intravascular hemolysis
YOUR TASK: Assume that you already have enough information from the above question-answer pairs to answer the patient inquiry, use the above information to produce a factual conclusion. Respond with the correct letter choice (A, B, C, or D) and NOTHING ELSE.
LETTER CHOICE: 
[2025-10-26 15:09:09,149] [INFO] [<CHOICE LM RES>]: C
[2025-10-26 15:09:09,149] [INFO] [<CHOICE PARSED>]: C
[2025-10-26 15:09:09,149] [INFO] [IMPLICIT ABSTAIN RETURN]: abstain: True, confidence: 0.0, letter_choice: C, usage: {'input_tokens': 553, 'output_tokens': 14}, atomic_question: Have you noticed any changes in your bowel habits or stool color?

[2025-10-26 15:09:09,149] [INFO] [Expert System]: {'type': 'question', 'question': 'Have you noticed any changes in your bowel habits or stool color?', 'letter_choice': 'C', 'confidence': 0.0, 'usage': {'input_tokens': 553, 'output_tokens': 14}}
[2025-10-26 15:09:10,955] [INFO] [Patient System]: The patient cannot answer this question, please do not ask this question again.
[2025-10-26 15:09:10,955] [INFO] ==================== Turn 3 ====================
[2025-10-26 15:09:47,566] [WARNING] [DeepseekMCTSExpert] No choice returned, falling back to implicit expert.
[2025-10-26 15:09:47,567] [INFO] ++++++++++++++++++++ Start of Implicit Abstention [expert_basics.py:expert_response_choice_or_question()] ++++++++++++++++++++
[2025-10-26 15:09:47,567] [INFO] [<IMPLICIT ABSTAIN PROMPT>] [len(messages)=2] (messages[-1]):
A patient comes into the clinic presenting with a symptom as described in the conversation log below:
    
PATIENT INFORMATION: A 41-year-old woman presents to her primary care physician with complaints of fatigue and weakness.
CONVERSATION LOG:
Doctor Question: Have you noticed any changes in your menstrual bleeding?
Patient Response: The patient cannot answer this question, please do not ask this question again.
Doctor Question: Have you noticed any changes in your bowel habits or stool color?
Patient Response: The patient cannot answer this question, please do not ask this question again.
QUESTION: Which of the following represents the most likely etiology of her anemia.
OPTIONS: A: Vitamin B12 deficiency, B: Folate deficiency, C: Iron deficiency, D: Intravascular hemolysis
YOUR TASK: Given the information so far, if you are confident to pick an option correctly and factually, respond with the letter choice and NOTHING ELSE. Otherwise, if you are not confident to pick an option and need more information, ask ONE SPECIFIC ATOMIC QUESTION to the patient. The question should be bite-sized, NOT ask for too much at once, and NOT repeat what has already been asked. In this case, respond with the atomic question and NOTHING ELSE.
[2025-10-26 15:09:47,567] [INFO] -------------------- Self-Consistency Iteration 1 --------------------
[2025-10-26 15:09:49,000] [INFO] [<IMPLICIT ABSTAIN LM RES>]: C
[2025-10-26 15:09:49,000] [INFO] [<IMPLICIT ABSTAIN PARSED>]: C
[2025-10-26 15:09:49,000] [INFO] [<IMPLICIT ABSTAIN RETURN>]: atomic_question: None, final_answer: C, conf_score: 1.0 ([1 : 0])
[2025-10-26 15:09:49,000] [INFO] [ABSTENTION PROMPT]: [{'role': 'system', 'content': 'You are a medical doctor trying to reason through a real-life clinical case. Based on your understanding of basic and clinical science, medical knowledge, and mechanisms underlying health, disease, patient care, and modes of therapy, respond according to the task specified by the user. Base your response on the current and standard practices referenced in medical guidelines.'}, {'role': 'user', 'content': 'A patient comes into the clinic presenting with a symptom as described in the conversation log below:\n    \nPATIENT INFORMATION: A 41-year-old woman presents to her primary care physician with complaints of fatigue and weakness.\nCONVERSATION LOG:\nDoctor Question: Have you noticed any changes in your menstrual bleeding?\nPatient Response: The patient cannot answer this question, please do not ask this question again.\nDoctor Question: Have you noticed any changes in your bowel habits or stool color?\nPatient Response: The patient cannot answer this question, please do not ask this question again.\nQUESTION: Which of the following represents the most likely etiology of her anemia.\nOPTIONS: A: Vitamin B12 deficiency, B: Folate deficiency, C: Iron deficiency, D: Intravascular hemolysis\nYOUR TASK: Given the information so far, if you are confident to pick an option correctly and factually, respond with the letter choice and NOTHING ELSE. Otherwise, if you are not confident to pick an option and need more information, ask ONE SPECIFIC ATOMIC QUESTION to the patient. The question should be bite-sized, NOT ask for too much at once, and NOT repeat what has already been asked. In this case, respond with the atomic question and NOTHING ELSE.'}]
[2025-10-26 15:09:49,000] [INFO] [ABSTENTION RESPONSE]: C

[2025-10-26 15:09:49,000] [INFO] [IMPLICIT ABSTAIN RETURN]: abstain: False, confidence: 1.0, letter_choice: C, usage: {'input_tokens': 330, 'output_tokens': 1}, atomic_question: None

[2025-10-26 15:09:49,000] [INFO] [Expert System]: {'type': 'choice', 'question': None, 'letter_choice': 'C', 'confidence': 1.0, 'usage': {'input_tokens': 330, 'output_tokens': 1}}
[2025-10-26 15:09:49,000] [INFO] |||||||||||||||||||| Interaction ended for patient #5 ||||||||||||||||||||



[2025-10-26 15:09:49,009] [INFO] |||||||||||||||||||| PATIENT #6 ||||||||||||||||||||
[2025-10-26 15:09:49,009] [INFO] ==================== Turn 1 ====================
[2025-10-26 15:10:12,339] [WARNING] [DeepseekMCTSExpert] No choice returned, falling back to implicit expert.
[2025-10-26 15:10:12,339] [INFO] ++++++++++++++++++++ Start of Implicit Abstention [expert_basics.py:expert_response_choice_or_question()] ++++++++++++++++++++
[2025-10-26 15:10:12,345] [INFO] -------------------- Self-Consistency Iteration 1 --------------------
[2025-10-26 15:10:13,607] [INFO] [<IMPLICIT ABSTAIN LM RES>]: C
[2025-10-26 15:10:13,607] [INFO] [<IMPLICIT ABSTAIN PARSED>]: C
[2025-10-26 15:10:13,607] [INFO] [<IMPLICIT ABSTAIN RETURN>]: atomic_question: None, final_answer: C, conf_score: 1.0 ([1 : 0])
[2025-10-26 15:10:13,610] [INFO] [ABSTENTION RESPONSE]: C

[2025-10-26 15:10:13,610] [INFO] [IMPLICIT ABSTAIN RETURN]: abstain: False, confidence: 1.0, letter_choice: C, usage: {'input_tokens': 296, 'output_tokens': 1}, atomic_question: None

[2025-10-26 15:10:13,610] [INFO] [Expert System]: {'type': 'choice', 'question': None, 'letter_choice': 'C', 'confidence': 1.0, 'usage': {'input_tokens': 296, 'output_tokens': 1}}
[2025-10-26 15:10:13,611] [INFO] |||||||||||||||||||| Interaction ended for patient #6 ||||||||||||||||||||



[2025-10-26 15:10:13,625] [INFO] |||||||||||||||||||| PATIENT #7 ||||||||||||||||||||
[2025-10-26 15:10:13,629] [INFO] ==================== Turn 1 ====================
[2025-10-26 15:10:57,589] [WARNING] [DeepseekMCTSExpert] No choice returned, falling back to implicit expert.
[2025-10-26 15:10:57,590] [INFO] ++++++++++++++++++++ Start of Implicit Abstention [expert_basics.py:expert_response_choice_or_question()] ++++++++++++++++++++
[2025-10-26 15:10:57,590] [INFO] [<IMPLICIT ABSTAIN PROMPT>] [len(messages)=2] (messages[-1]):
A patient comes into the clinic presenting with a symptom as described in the conversation log below:
    
PATIENT INFORMATION: A 67-year-old man presents to the emergency department with a fever and altered mental status.
CONVERSATION LOG:
None
QUESTION: Which of the following is the most likely diagnosis?
OPTIONS: A: Exertional heat stroke, B: Neuroleptic malignant syndrome, C: Non-exertional heat stroke, D: Septic shock
YOUR TASK: Given the information so far, if you are confident to pick an option correctly and factually, respond with the letter choice and NOTHING ELSE. Otherwise, if you are not confident to pick an option and need more information, ask ONE SPECIFIC ATOMIC QUESTION to the patient. The question should be bite-sized, NOT ask for too much at once, and NOT repeat what has already been asked. In this case, respond with the atomic question and NOTHING ELSE.
[2025-10-26 15:10:57,590] [INFO] -------------------- Self-Consistency Iteration 1 --------------------
[2025-10-26 15:10:59,333] [INFO] [<IMPLICIT ABSTAIN LM RES>]: D
[2025-10-26 15:10:59,333] [INFO] [<IMPLICIT ABSTAIN PARSED>]: D
[2025-10-26 15:10:59,333] [INFO] [<IMPLICIT ABSTAIN RETURN>]: atomic_question: None, final_answer: D, conf_score: 1.0 ([1 : 0])
[2025-10-26 15:10:59,333] [INFO] [ABSTENTION PROMPT]: [{'role': 'system', 'content': 'You are a medical doctor trying to reason through a real-life clinical case. Based on your understanding of basic and clinical science, medical knowledge, and mechanisms underlying health, disease, patient care, and modes of therapy, respond according to the task specified by the user. Base your response on the current and standard practices referenced in medical guidelines.'}, {'role': 'user', 'content': 'A patient comes into the clinic presenting with a symptom as described in the conversation log below:\n    \nPATIENT INFORMATION: A 67-year-old man presents to the emergency department with a fever and altered mental status.\nCONVERSATION LOG:\nNone\nQUESTION: Which of the following is the most likely diagnosis?\nOPTIONS: A: Exertional heat stroke, B: Neuroleptic malignant syndrome, C: Non-exertional heat stroke, D: Septic shock\nYOUR TASK: Given the information so far, if you are confident to pick an option correctly and factually, respond with the letter choice and NOTHING ELSE. Otherwise, if you are not confident to pick an option and need more information, ask ONE SPECIFIC ATOMIC QUESTION to the patient. The question should be bite-sized, NOT ask for too much at once, and NOT repeat what has already been asked. In this case, respond with the atomic question and NOTHING ELSE.'}]
[2025-10-26 15:10:59,333] [INFO] [ABSTENTION RESPONSE]: D

[2025-10-26 15:10:59,333] [INFO] [IMPLICIT ABSTAIN RETURN]: abstain: False, confidence: 1.0, letter_choice: D, usage: {'input_tokens': 269, 'output_tokens': 1}, atomic_question: None

[2025-10-26 15:10:59,333] [INFO] [Expert System]: {'type': 'choice', 'question': None, 'letter_choice': 'D', 'confidence': 1.0, 'usage': {'input_tokens': 269, 'output_tokens': 1}}
[2025-10-26 15:10:59,333] [INFO] |||||||||||||||||||| Interaction ended for patient #7 ||||||||||||||||||||



[2025-10-26 15:10:59,346] [INFO] |||||||||||||||||||| PATIENT #8 ||||||||||||||||||||
[2025-10-26 15:10:59,349] [INFO] ==================== Turn 1 ====================
[2025-10-26 15:11:50,321] [WARNING] [DeepseekMCTSExpert] No choice returned, falling back to implicit expert.
[2025-10-26 15:11:50,321] [INFO] ++++++++++++++++++++ Start of Implicit Abstention [expert_basics.py:expert_response_choice_or_question()] ++++++++++++++++++++
[2025-10-26 15:11:50,321] [INFO] [<IMPLICIT ABSTAIN PROMPT>] [len(messages)=2] (messages[-1]):
A patient comes into the clinic presenting with a symptom as described in the conversation log below:
    
PATIENT INFORMATION: A 32-year-old man presents to a mission hospital in Cambodia because he has had difficulty walking from his village to the market.
CONVERSATION LOG:
None
QUESTION: The most likely cause of this patient's symptoms is associated with which of the following enzymatic reactions?
OPTIONS: A: Alpha-ketoglutarate dehydrogenase, B: Acyl transferases, C: Glycogen phosphorylase, D: Homocysteine methyltransferase
YOUR TASK: Given the information so far, if you are confident to pick an option correctly and factually, respond with the letter choice and NOTHING ELSE. Otherwise, if you are not confident to pick an option and need more information, ask ONE SPECIFIC ATOMIC QUESTION to the patient. The question should be bite-sized, NOT ask for too much at once, and NOT repeat what has already been asked. In this case, respond with the atomic question and NOTHING ELSE.
[2025-10-26 15:11:50,321] [INFO] -------------------- Self-Consistency Iteration 1 --------------------
[2025-10-26 15:11:52,102] [INFO] [<IMPLICIT ABSTAIN LM RES>]: How long have you had difficulty walking?
[2025-10-26 15:11:52,102] [INFO] [<IMPLICIT ABSTAIN PARSED>]: How long have you had difficulty walking?
[2025-10-26 15:11:52,102] [INFO] [<IMPLICIT ABSTAIN RETURN>]: atomic_question: How long have you had difficulty walking?, final_answer: None, conf_score: 0.0 ([0 : 1])
[2025-10-26 15:11:52,102] [INFO] [ABSTENTION PROMPT]: [{'role': 'system', 'content': 'You are a medical doctor trying to reason through a real-life clinical case. Based on your understanding of basic and clinical science, medical knowledge, and mechanisms underlying health, disease, patient care, and modes of therapy, respond according to the task specified by the user. Base your response on the current and standard practices referenced in medical guidelines.'}, {'role': 'user', 'content': "A patient comes into the clinic presenting with a symptom as described in the conversation log below:\n    \nPATIENT INFORMATION: A 32-year-old man presents to a mission hospital in Cambodia because he has had difficulty walking from his village to the market.\nCONVERSATION LOG:\nNone\nQUESTION: The most likely cause of this patient's symptoms is associated with which of the following enzymatic reactions?\nOPTIONS: A: Alpha-ketoglutarate dehydrogenase, B: Acyl transferases, C: Glycogen phosphorylase, D: Homocysteine methyltransferase\nYOUR TASK: Given the information so far, if you are confident to pick an option correctly and factually, respond with the letter choice and NOTHING ELSE. Otherwise, if you are not confident to pick an option and need more information, ask ONE SPECIFIC ATOMIC QUESTION to the patient. The question should be bite-sized, NOT ask for too much at once, and NOT repeat what has already been asked. In this case, respond with the atomic question and NOTHING ELSE."}]
[2025-10-26 15:11:52,102] [INFO] [ABSTENTION RESPONSE]: How long have you had difficulty walking?

[2025-10-26 15:11:52,102] [INFO] ++++++++++++++++++++ Start of Multiple Chocie Decision [expert_basics.py:expert_response_choice()] ++++++++++++++++++++
[2025-10-26 15:11:52,102] [INFO] [<CHOICE PROMPT>] [len(messages)=2] (messages[-1]):
A patient comes into the clinic presenting with a symptom as described in the conversation log below:
    
PATIENT INFORMATION: A 32-year-old man presents to a mission hospital in Cambodia because he has had difficulty walking from his village to the market.
CONVERSATION LOG:
None
QUESTION: The most likely cause of this patient's symptoms is associated with which of the following enzymatic reactions?
OPTIONS: A: Alpha-ketoglutarate dehydrogenase, B: Acyl transferases, C: Glycogen phosphorylase, D: Homocysteine methyltransferase
YOUR TASK: Assume that you already have enough information from the above question-answer pairs to answer the patient inquiry, use the above information to produce a factual conclusion. Respond with the correct letter choice (A, B, C, or D) and NOTHING ELSE.
LETTER CHOICE: 
[2025-10-26 15:11:53,561] [INFO] [<CHOICE LM RES>]: A
[2025-10-26 15:11:53,561] [INFO] [<CHOICE PARSED>]: A
[2025-10-26 15:11:53,562] [INFO] [IMPLICIT ABSTAIN RETURN]: abstain: True, confidence: 0.0, letter_choice: A, usage: {'input_tokens': 537, 'output_tokens': 9}, atomic_question: How long have you had difficulty walking?

[2025-10-26 15:11:53,562] [INFO] [Expert System]: {'type': 'question', 'question': 'How long have you had difficulty walking?', 'letter_choice': 'A', 'confidence': 0.0, 'usage': {'input_tokens': 537, 'output_tokens': 9}}
[2025-10-26 15:11:55,523] [INFO] [Patient System]: The patient has had difficulty walking over the last year.
[2025-10-26 15:11:55,523] [INFO] ==================== Turn 2 ====================
