[2025-10-26 16:22:03,108] [INFO] |||||||||||||||||||| PATIENT #0 ||||||||||||||||||||
[2025-10-26 16:22:03,112] [INFO] ==================== Turn 1 ====================
[2025-10-26 16:26:30,225] [INFO] [Expert System]: {'type': 'choice', 'letter_choice': 'C', 'confidence': 'very confident', 'usage': {'input_tokens': 0, 'output_tokens': 0, 'call_count': 31}}
[2025-10-26 16:26:30,225] [INFO] |||||||||||||||||||| Interaction ended for patient #0 ||||||||||||||||||||



[2025-10-26 16:26:30,226] [INFO] |||||||||||||||||||| PATIENT #1 ||||||||||||||||||||
[2025-10-26 16:26:30,231] [INFO] ==================== Turn 1 ====================
[2025-10-26 16:30:48,552] [INFO] [Expert System]: {'type': 'choice', 'letter_choice': 'B', 'confidence': 'very confident', 'usage': {'input_tokens': 0, 'output_tokens': 0, 'call_count': 30}}
[2025-10-26 16:30:48,552] [INFO] |||||||||||||||||||| Interaction ended for patient #1 ||||||||||||||||||||



[2025-10-26 16:30:48,568] [INFO] |||||||||||||||||||| PATIENT #2 ||||||||||||||||||||
[2025-10-26 16:30:48,571] [INFO] ==================== Turn 1 ====================
[2025-10-26 16:37:37,767] [INFO] [Expert System]: {'type': 'choice', 'letter_choice': 'B', 'confidence': 'very confident', 'usage': {'input_tokens': 0, 'output_tokens': 0, 'call_count': 45}}
[2025-10-26 16:37:37,768] [INFO] |||||||||||||||||||| Interaction ended for patient #2 ||||||||||||||||||||



[2025-10-26 16:37:37,779] [INFO] |||||||||||||||||||| PATIENT #3 ||||||||||||||||||||
[2025-10-26 16:37:37,779] [INFO] ==================== Turn 1 ====================
[2025-10-26 16:45:04,709] [INFO] [Expert System]: {'type': 'choice', 'letter_choice': 'B', 'confidence': 'very confident', 'usage': {'input_tokens': 0, 'output_tokens': 0, 'call_count': 47}}
[2025-10-26 16:45:04,709] [INFO] |||||||||||||||||||| Interaction ended for patient #3 ||||||||||||||||||||



[2025-10-26 16:45:04,723] [INFO] |||||||||||||||||||| PATIENT #4 ||||||||||||||||||||
[2025-10-26 16:45:04,727] [INFO] ==================== Turn 1 ====================
[2025-10-26 16:51:05,343] [INFO] [Expert System]: {'type': 'choice', 'letter_choice': 'A', 'confidence': 'very confident', 'usage': {'input_tokens': 0, 'output_tokens': 0, 'call_count': 43}}
[2025-10-26 16:51:05,343] [INFO] |||||||||||||||||||| Interaction ended for patient #4 ||||||||||||||||||||



